#
# There is insufficient memory for the Java Runtime Environment to continue.
# Native memory allocation (mmap) failed to map 316669952 bytes for G1 virtual space
# Possible reasons:
#   The system is out of physical RAM or swap space
#   The process is running with CompressedOops enabled, and the Java Heap may be blocking the growth of the native heap
# Possible solutions:
#   Reduce memory load on the system
#   Increase physical memory or swap space
#   Check if swap backing store is full
#   Decrease Java heap size (-Xmx/-Xms)
#   Decrease number of Java threads
#   Decrease Java thread stack sizes (-Xss)
#   Set larger code cache with -XX:ReservedCodeCacheSize=
#   JVM is running with Zero Based Compressed Oops mode in which the Java heap is
#     placed in the first 32GB address space. The Java Heap base address is the
#     maximum limit for the native heap growth. Please use -XX:HeapBaseMinAddress
#     to set the Java Heap base and to place the Java Heap above 32GB virtual address.
# This output file may be truncated or incomplete.
#
#  Out of Memory Error (os_windows.cpp:3600), pid=22340, tid=3472
#
# JRE version: Java(TM) SE Runtime Environment (21.0.2+13) (build 21.0.2+13-LTS-58)
# Java VM: Java HotSpot(TM) 64-Bit Server VM (21.0.2+13-LTS-58, mixed mode, sharing, tiered, compressed oops, compressed class ptrs, g1 gc, windows-amd64)
# No core dump will be written. Minidumps are not enabled by default on client versions of Windows
#

---------------  S U M M A R Y ------------

Command Line: -agentlib:jdwp=transport=dt_socket,address=127.0.0.1:63380,suspend=y,server=n -javaagent:C:\Users\nurse\AppData\Local\JetBrains\IdeaIC2024.3\captureAgent\debugger-agent.jar=file:/C:/Users/nurse/AppData/Local/Temp/capture.props -Dkotlinx.coroutines.debug.enable.creation.stack.trace=false -Ddebugger.agent.enable.coroutines=true -Dkotlinx.coroutines.debug.enable.flows.stack.trace=true -Dkotlinx.coroutines.debug.enable.mutable.state.flows.stack.trace=true -Dfile.encoding=UTF-8 -Dsun.stdout.encoding=UTF-8 -Dsun.stderr.encoding=UTF-8 com.nursenasevilmis.fenlab.FenLabApplicationKt

Host: 11th Gen Intel(R) Core(TM) i7-11800H @ 2.30GHz, 16 cores, 15G,  Windows 11 , 64 bit Build 26100 (10.0.26100.7705)
Time: Tue Mar  3 01:17:19 2026 T僡kiye Standart Saati elapsed time: 13.365109 seconds (0d 0h 0m 13s)

---------------  T H R E A D  ---------------

Current thread (0x0000019e6b473dd0):  VMThread "VM Thread"          [id=3472, stack(0x0000006118a00000,0x0000006118b00000) (1024K)]

Stack: [0x0000006118a00000,0x0000006118b00000]
Native frames: (J=compiled Java code, j=interpreted, Vv=VM code, C=native code)
V  [jvm.dll+0x6cade9]
V  [jvm.dll+0x8569c1]
V  [jvm.dll+0x858d2e]
V  [jvm.dll+0x859413]
V  [jvm.dll+0x280e56]
V  [jvm.dll+0x6c74d5]
V  [jvm.dll+0x6bbeca]
V  [jvm.dll+0x355bca]
V  [jvm.dll+0x35d816]
V  [jvm.dll+0x3ae67e]
V  [jvm.dll+0x3ae928]
V  [jvm.dll+0x3295dc]
V  [jvm.dll+0x329667]
V  [jvm.dll+0x36df1c]
V  [jvm.dll+0x36c71d]
V  [jvm.dll+0x328d51]
V  [jvm.dll+0x36be2a]
V  [jvm.dll+0x85ef18]
V  [jvm.dll+0x860014]
V  [jvm.dll+0x860550]
V  [jvm.dll+0x8607f3]
V  [jvm.dll+0x7ff568]
V  [jvm.dll+0x6c953d]
C  [ucrtbase.dll+0x37b0]
C  [KERNEL32.DLL+0x2e8d7]
C  [ntdll.dll+0x8c40c]

VM_Operation (0x000000611a8f77c0): G1CollectForAllocation, mode: safepoint, requested by thread 0x0000019e717f3bb0


---------------  P R O C E S S  ---------------

Threads class SMR info:
_java_thread_list=0x0000019e7f787f20, length=26, elements={
0x0000019e4c1f6fc0, 0x0000019e70013f50, 0x0000019e700169c0, 0x0000019e70019560,
0x0000019e7001d510, 0x0000019e7001e300, 0x0000019e70027330, 0x0000019e7002f710,
0x0000019e700322f0, 0x0000019e7022d900, 0x0000019e7013f590, 0x0000019e7013fc40,
0x0000019e70344250, 0x0000019e70347540, 0x0000019e7034a3f0, 0x0000019e70334cf0,
0x0000019e71514220, 0x0000019e717f2170, 0x0000019e717f3bb0, 0x0000019e419aa9a0,
0x0000019e419ad790, 0x0000019e77128e20, 0x0000019e42f9d250, 0x0000019e42fa4f00,
0x0000019e42fa62b0, 0x0000019e743f8400
}

Java Threads: ( => current thread )
  0x0000019e4c1f6fc0 JavaThread "main"                              [_thread_blocked, id=8308, stack(0x0000006118300000,0x0000006118400000) (1024K)]
  0x0000019e70013f50 JavaThread "Reference Handler"          daemon [_thread_blocked, id=5072, stack(0x0000006118b00000,0x0000006118c00000) (1024K)]
  0x0000019e700169c0 JavaThread "Finalizer"                  daemon [_thread_blocked, id=23664, stack(0x0000006118c00000,0x0000006118d00000) (1024K)]
  0x0000019e70019560 JavaThread "Signal Dispatcher"          daemon [_thread_blocked, id=22104, stack(0x0000006118d00000,0x0000006118e00000) (1024K)]
  0x0000019e7001d510 JavaThread "Attach Listener"            daemon [_thread_blocked, id=24144, stack(0x0000006118e00000,0x0000006118f00000) (1024K)]
  0x0000019e7001e300 JavaThread "Service Thread"             daemon [_thread_blocked, id=5360, stack(0x0000006118f00000,0x0000006119000000) (1024K)]
  0x0000019e70027330 JavaThread "Monitor Deflation Thread"   daemon [_thread_blocked, id=25224, stack(0x0000006119000000,0x0000006119100000) (1024K)]
  0x0000019e7002f710 JavaThread "C2 CompilerThread0"         daemon [_thread_blocked, id=7236, stack(0x0000006119100000,0x0000006119200000) (1024K)]
  0x0000019e700322f0 JavaThread "C1 CompilerThread0"         daemon [_thread_blocked, id=2164, stack(0x0000006119200000,0x0000006119300000) (1024K)]
  0x0000019e7022d900 JavaThread "Common-Cleaner"             daemon [_thread_blocked, id=1732, stack(0x0000006119300000,0x0000006119400000) (1024K)]
  0x0000019e7013f590 JavaThread "C1 CompilerThread1"         daemon [_thread_blocked, id=27396, stack(0x0000006119400000,0x0000006119500000) (1024K)]
  0x0000019e7013fc40 JavaThread "C1 CompilerThread2"         daemon [_thread_blocked, id=23232, stack(0x0000006119500000,0x0000006119600000) (1024K)]
  0x0000019e70344250 JavaThread "JDWP Transport Listener: dt_socket" daemon [_thread_blocked, id=21992, stack(0x0000006119700000,0x0000006119800000) (1024K)]
  0x0000019e70347540 JavaThread "JDWP Event Helper Thread"   daemon [_thread_blocked, id=7740, stack(0x0000006119800000,0x0000006119900000) (1024K)]
  0x0000019e7034a3f0 JavaThread "JDWP Command Reader"        daemon [_thread_in_native, id=18620, stack(0x0000006119900000,0x0000006119a00000) (1024K)]
  0x0000019e70334cf0 JavaThread "Notification Thread"        daemon [_thread_blocked, id=13688, stack(0x0000006119600000,0x0000006119700000) (1024K)]
  0x0000019e71514220 JavaThread "C1 CompilerThread3"         daemon [_thread_blocked, id=24708, stack(0x000000611a300000,0x000000611a400000) (1024K)]
  0x0000019e717f2170 JavaThread "Thread-0"                          [_thread_blocked, id=1048, stack(0x000000611a700000,0x000000611a800000) (1024K)]
  0x0000019e717f3bb0 JavaThread "restartedMain"                     [_thread_blocked, id=420, stack(0x000000611a800000,0x000000611a900000) (1024K)]
  0x0000019e419aa9a0 JavaThread "PostgreSQL-JDBC-Cleaner"    daemon [_thread_blocked, id=25680, stack(0x000000611ae00000,0x000000611af00000) (1024K)]
  0x0000019e419ad790 JavaThread "HikariPool-1:housekeeper"   daemon [_thread_blocked, id=2000, stack(0x000000611af00000,0x000000611b000000) (1024K)]
  0x0000019e77128e20 JavaThread "HikariPool-1:connection-adder" daemon [_thread_blocked, id=7372, stack(0x000000611b000000,0x000000611b100000) (1024K)]
  0x0000019e42f9d250 JavaThread "Catalina-utility-1"                [_thread_blocked, id=10104, stack(0x000000611b100000,0x000000611b200000) (1024K)]
  0x0000019e42fa4f00 JavaThread "Catalina-utility-2"                [_thread_blocked, id=25020, stack(0x000000611b200000,0x000000611b300000) (1024K)]
  0x0000019e42fa62b0 JavaThread "container-0"                       [_thread_blocked, id=21452, stack(0x000000611b300000,0x000000611b400000) (1024K)]
  0x0000019e743f8400 JavaThread "C2 CompilerThread1"         daemon [_thread_blocked, id=3372, stack(0x0000006119a00000,0x0000006119b00000) (1024K)]
Total: 26

Other Threads:
=>0x0000019e6b473dd0 VMThread "VM Thread"                           [id=3472, stack(0x0000006118a00000,0x0000006118b00000) (1024K)]
  0x0000019e6b45dcb0 WatcherThread "VM Periodic Task Thread"        [id=11832, stack(0x0000006118900000,0x0000006118a00000) (1024K)]
  0x0000019e49e6e6f0 WorkerThread "GC Thread#0"                     [id=14664, stack(0x0000006118400000,0x0000006118500000) (1024K)]
  0x0000019e712ed5a0 WorkerThread "GC Thread#1"                     [id=20888, stack(0x0000006119c00000,0x0000006119d00000) (1024K)]
  0x0000019e70d69700 WorkerThread "GC Thread#2"                     [id=2836, stack(0x0000006119d00000,0x0000006119e00000) (1024K)]
  0x0000019e7115a890 WorkerThread "GC Thread#3"                     [id=16360, stack(0x0000006119e00000,0x0000006119f00000) (1024K)]
  0x0000019e710fb8a0 WorkerThread "GC Thread#4"                     [id=8000, stack(0x0000006119f00000,0x000000611a000000) (1024K)]
  0x0000019e70e3f110 WorkerThread "GC Thread#5"                     [id=12976, stack(0x000000611a000000,0x000000611a100000) (1024K)]
  0x0000019e7150cd40 WorkerThread "GC Thread#6"                     [id=4428, stack(0x000000611a100000,0x000000611a200000) (1024K)]
  0x0000019e7150d820 WorkerThread "GC Thread#7"                     [id=8692, stack(0x000000611a200000,0x000000611a300000) (1024K)]
  0x0000019e7150df60 WorkerThread "GC Thread#8"                     [id=24752, stack(0x000000611a400000,0x000000611a500000) (1024K)]
  0x0000019e7150e300 WorkerThread "GC Thread#9"                     [id=18952, stack(0x000000611a500000,0x000000611a600000) (1024K)]
  0x0000019e7150d0e0 WorkerThread "GC Thread#10"                    [id=4528, stack(0x000000611a600000,0x000000611a700000) (1024K)]
  0x0000019e71e20b60 WorkerThread "GC Thread#11"                    [id=19120, stack(0x000000611aa00000,0x000000611ab00000) (1024K)]
  0x0000019e71e22120 WorkerThread "GC Thread#12"                    [id=7120, stack(0x000000611ab00000,0x000000611ac00000) (1024K)]
  0x0000019e4c26b470 ConcurrentGCThread "G1 Main Marker"            [id=21144, stack(0x0000006118500000,0x0000006118600000) (1024K)]
  0x0000019e4c26cd00 WorkerThread "G1 Conc#0"                       [id=15620, stack(0x0000006118600000,0x0000006118700000) (1024K)]
  0x0000019e743ad7e0 WorkerThread "G1 Conc#1"                       [id=15264, stack(0x000000611ac00000,0x000000611ad00000) (1024K)]
  0x0000019e743acd00 WorkerThread "G1 Conc#2"                       [id=14552, stack(0x000000611ad00000,0x000000611ae00000) (1024K)]
  0x0000019e6b329890 ConcurrentGCThread "G1 Refine#0"               [id=22808, stack(0x0000006118700000,0x0000006118800000) (1024K)]
  0x0000019e6b32b1c0 ConcurrentGCThread "G1 Service"                [id=11744, stack(0x0000006118800000,0x0000006118900000) (1024K)]
Total: 21

Threads with active compile tasks:
C2 CompilerThread0    13385 10506       4       kotlin.reflect.jvm.internal.impl.types.TypeUtils::contains (301 bytes)
C2 CompilerThread1    13385 10549       4       kotlin.reflect.jvm.internal.impl.types.TypeSubstitutor::unsafeSubstitute (788 bytes)
Total: 2

VM state: at safepoint (normal execution)

VM Mutex/Monitor currently owned by a thread:  ([mutex/lock_event])
[0x00007fff4e17cd68] Threads_lock - owner thread: 0x0000019e6b473dd0
[0x00007fff4e17ce68] Heap_lock - owner thread: 0x0000019e717f3bb0

Heap address: 0x0000000704200000, size: 4030 MB, Compressed Oops mode: Zero based, Oop shift amount: 3

CDS archive(s) mapped at: [0x0000019e00000000-0x0000019e00c90000-0x0000019e00c90000), size 13172736, SharedBaseAddress: 0x0000019e00000000, ArchiveRelocationMode: 1.
Compressed class space mapped at: 0x0000019e01000000-0x0000019e41000000, reserved size: 1073741824
Narrow klass base: 0x0000019e00000000, Narrow klass shift: 0, Narrow klass range: 0x100000000

GC Precious Log:
 CardTable entry size: 512
 Card Set container configuration: InlinePtr #cards 4 size 8 Array Of Cards #cards 16 size 48 Howl #buckets 8 coarsen threshold 3686 Howl Bitmap #cards 512 size 80 coarsen threshold 460 Card regions per heap region 1 cards per card region 4096
 CPUs: 16 total, 16 available
 Memory: 16114M
 Large Page Support: Disabled
 NUMA Support: Disabled
 Compressed Oops: Enabled (Zero based)
 Heap Region Size: 2M
 Heap Min Capacity: 8M
 Heap Initial Capacity: 252M
 Heap Max Capacity: 4030M
 Pre-touch: Disabled
 Parallel Workers: 13
 Concurrent Workers: 3
 Concurrent Refinement Workers: 13
 Periodic GC: Disabled

Heap:
 garbage-first heap   total 280576K, used 150968K [0x0000000704200000, 0x0000000800000000)
  region size 2048K, 3 young (6144K), 3 survivors (6144K)
 Metaspace       used 94976K, committed 95744K, reserved 1179648K
  class space    used 12509K, committed 12864K, reserved 1048576K

Heap Regions: E=young(eden), S=young(survivor), O=old, HS=humongous(starts), HC=humongous(continues), CS=collection set, F=free, TAMS=top-at-mark-start, PB=parsable bottom
|   0|0x0000000704200000, 0x0000000704400000, 0x0000000704400000|100%| O|  |TAMS 0x0000000704400000| PB 0x0000000704200000| Untracked 
|   1|0x0000000704400000, 0x0000000704600000, 0x0000000704600000|100%| O|  |TAMS 0x0000000704600000| PB 0x0000000704400000| Untracked 
|   2|0x0000000704600000, 0x0000000704800000, 0x0000000704800000|100%| O|  |TAMS 0x0000000704800000| PB 0x0000000704600000| Untracked 
|   3|0x0000000704800000, 0x0000000704a00000, 0x0000000704a00000|100%| O|  |TAMS 0x0000000704a00000| PB 0x0000000704800000| Untracked 
|   4|0x0000000704a00000, 0x0000000704c00000, 0x0000000704c00000|100%| O|  |TAMS 0x0000000704c00000| PB 0x0000000704a00000| Untracked 
|   5|0x0000000704c00000, 0x0000000704e00000, 0x0000000704e00000|100%| O|  |TAMS 0x0000000704e00000| PB 0x0000000704c00000| Untracked 
|   6|0x0000000704e00000, 0x0000000705000000, 0x0000000705000000|100%| O|  |TAMS 0x0000000705000000| PB 0x0000000704e00000| Untracked 
|   7|0x0000000705000000, 0x0000000705200000, 0x0000000705200000|100%| O|  |TAMS 0x0000000705200000| PB 0x0000000705000000| Untracked 
|   8|0x0000000705200000, 0x0000000705400000, 0x0000000705400000|100%| O|  |TAMS 0x0000000705400000| PB 0x0000000705200000| Untracked 
|   9|0x0000000705400000, 0x0000000705600000, 0x0000000705600000|100%| O|  |TAMS 0x0000000705600000| PB 0x0000000705400000| Untracked 
|  10|0x0000000705600000, 0x0000000705800000, 0x0000000705800000|100%| O|  |TAMS 0x0000000705800000| PB 0x0000000705600000| Untracked 
|  11|0x0000000705800000, 0x0000000705a00000, 0x0000000705a00000|100%| O|  |TAMS 0x0000000705a00000| PB 0x0000000705800000| Untracked 
|  12|0x0000000705a00000, 0x0000000705c00000, 0x0000000705c00000|100%| O|  |TAMS 0x0000000705c00000| PB 0x0000000705a00000| Untracked 
|  13|0x0000000705c00000, 0x0000000705e00000, 0x0000000705e00000|100%| O|  |TAMS 0x0000000705e00000| PB 0x0000000705c00000| Untracked 
|  14|0x0000000705e00000, 0x0000000706000000, 0x0000000706000000|100%| O|  |TAMS 0x0000000706000000| PB 0x0000000705e00000| Untracked 
|  15|0x0000000706000000, 0x0000000706200000, 0x0000000706200000|100%| O|  |TAMS 0x0000000706200000| PB 0x0000000706000000| Untracked 
|  16|0x0000000706200000, 0x0000000706400000, 0x0000000706400000|100%| O|  |TAMS 0x0000000706400000| PB 0x0000000706200000| Untracked 
|  17|0x0000000706400000, 0x0000000706600000, 0x0000000706600000|100%| O|  |TAMS 0x0000000706600000| PB 0x0000000706400000| Untracked 
|  18|0x0000000706600000, 0x0000000706800000, 0x0000000706800000|100%| O|  |TAMS 0x0000000706800000| PB 0x0000000706600000| Untracked 
|  19|0x0000000706800000, 0x0000000706a00000, 0x0000000706a00000|100%| O|  |TAMS 0x0000000706a00000| PB 0x0000000706800000| Untracked 
|  20|0x0000000706a00000, 0x0000000706c00000, 0x0000000706c00000|100%| O|  |TAMS 0x0000000706c00000| PB 0x0000000706a00000| Untracked 
|  21|0x0000000706c00000, 0x0000000706e00000, 0x0000000706e00000|100%| O|  |TAMS 0x0000000706e00000| PB 0x0000000706c00000| Untracked 
|  22|0x0000000706e00000, 0x0000000707000000, 0x0000000707000000|100%| O|  |TAMS 0x0000000707000000| PB 0x0000000706e00000| Untracked 
|  23|0x0000000707000000, 0x0000000707000000, 0x0000000707200000|  0%| F|  |TAMS 0x0000000707000000| PB 0x0000000707000000| Untracked 
|  24|0x0000000707200000, 0x0000000707400000, 0x0000000707400000|100%| O|  |TAMS 0x0000000707400000| PB 0x0000000707200000| Untracked 
|  25|0x0000000707400000, 0x0000000707600000, 0x0000000707600000|100%| O|  |TAMS 0x0000000707600000| PB 0x0000000707400000| Untracked 
|  26|0x0000000707600000, 0x0000000707800000, 0x0000000707800000|100%| O|  |TAMS 0x0000000707800000| PB 0x0000000707600000| Untracked 
|  27|0x0000000707800000, 0x0000000707a00000, 0x0000000707a00000|100%| O|  |TAMS 0x0000000707a00000| PB 0x0000000707800000| Untracked 
|  28|0x0000000707a00000, 0x0000000707c00000, 0x0000000707c00000|100%| O|  |TAMS 0x0000000707c00000| PB 0x0000000707a00000| Untracked 
|  29|0x0000000707c00000, 0x0000000707e00000, 0x0000000707e00000|100%| O|  |TAMS 0x0000000707e00000| PB 0x0000000707c00000| Untracked 
|  30|0x0000000707e00000, 0x0000000708000000, 0x0000000708000000|100%| O|  |TAMS 0x0000000708000000| PB 0x0000000707e00000| Untracked 
|  31|0x0000000708000000, 0x0000000708200000, 0x0000000708200000|100%| O|  |TAMS 0x0000000708200000| PB 0x0000000708000000| Untracked 
|  32|0x0000000708200000, 0x0000000708200000, 0x0000000708400000|  0%| F|  |TAMS 0x0000000708200000| PB 0x0000000708200000| Untracked 
|  33|0x0000000708400000, 0x0000000708400000, 0x0000000708600000|  0%| F|  |TAMS 0x0000000708400000| PB 0x0000000708400000| Untracked 
|  34|0x0000000708600000, 0x0000000708600000, 0x0000000708800000|  0%| F|  |TAMS 0x0000000708600000| PB 0x0000000708600000| Untracked 
|  35|0x0000000708800000, 0x0000000708800000, 0x0000000708a00000|  0%| F|  |TAMS 0x0000000708800000| PB 0x0000000708800000| Untracked 
|  36|0x0000000708a00000, 0x0000000708c00000, 0x0000000708c00000|100%| O|  |TAMS 0x0000000708c00000| PB 0x0000000708a00000| Untracked 
|  37|0x0000000708c00000, 0x0000000708c00000, 0x0000000708e00000|  0%| F|  |TAMS 0x0000000708c00000| PB 0x0000000708c00000| Untracked 
|  38|0x0000000708e00000, 0x0000000708e00000, 0x0000000709000000|  0%| F|  |TAMS 0x0000000708e00000| PB 0x0000000708e00000| Untracked 
|  39|0x0000000709000000, 0x0000000709000000, 0x0000000709200000|  0%| F|  |TAMS 0x0000000709000000| PB 0x0000000709000000| Untracked 
|  40|0x0000000709200000, 0x0000000709200000, 0x0000000709400000|  0%| F|  |TAMS 0x0000000709200000| PB 0x0000000709200000| Untracked 
|  41|0x0000000709400000, 0x0000000709400000, 0x0000000709600000|  0%| F|  |TAMS 0x0000000709400000| PB 0x0000000709400000| Untracked 
|  42|0x0000000709600000, 0x0000000709600000, 0x0000000709800000|  0%| F|  |TAMS 0x0000000709600000| PB 0x0000000709600000| Untracked 
|  43|0x0000000709800000, 0x0000000709a00000, 0x0000000709a00000|100%| O|  |TAMS 0x0000000709a00000| PB 0x0000000709800000| Untracked 
|  44|0x0000000709a00000, 0x0000000709c00000, 0x0000000709c00000|100%| O|  |TAMS 0x0000000709c00000| PB 0x0000000709a00000| Untracked 
|  45|0x0000000709c00000, 0x0000000709e00000, 0x0000000709e00000|100%| O|  |TAMS 0x0000000709e00000| PB 0x0000000709c00000| Untracked 
|  46|0x0000000709e00000, 0x000000070a000000, 0x000000070a000000|100%| O|  |TAMS 0x000000070a000000| PB 0x0000000709e00000| Untracked 
|  47|0x000000070a000000, 0x000000070a200000, 0x000000070a200000|100%| O|  |TAMS 0x000000070a200000| PB 0x000000070a000000| Untracked 
|  48|0x000000070a200000, 0x000000070a400000, 0x000000070a400000|100%| O|  |TAMS 0x000000070a400000| PB 0x000000070a200000| Untracked 
|  49|0x000000070a400000, 0x000000070a600000, 0x000000070a600000|100%| O|  |TAMS 0x000000070a600000| PB 0x000000070a400000| Untracked 
|  50|0x000000070a600000, 0x000000070a800000, 0x000000070a800000|100%| O|  |TAMS 0x000000070a800000| PB 0x000000070a600000| Untracked 
|  51|0x000000070a800000, 0x000000070aa00000, 0x000000070aa00000|100%| O|  |TAMS 0x000000070aa00000| PB 0x000000070a800000| Untracked 
|  52|0x000000070aa00000, 0x000000070ac00000, 0x000000070ac00000|100%| O|  |TAMS 0x000000070ac00000| PB 0x000000070aa00000| Untracked 
|  53|0x000000070ac00000, 0x000000070ae00000, 0x000000070ae00000|100%| O|  |TAMS 0x000000070ae00000| PB 0x000000070ac00000| Untracked 
|  54|0x000000070ae00000, 0x000000070b000000, 0x000000070b000000|100%| O|  |TAMS 0x000000070b000000| PB 0x000000070ae00000| Untracked 
|  55|0x000000070b000000, 0x000000070b200000, 0x000000070b200000|100%| O|  |TAMS 0x000000070b200000| PB 0x000000070b000000| Untracked 
|  56|0x000000070b200000, 0x000000070b400000, 0x000000070b400000|100%| O|  |TAMS 0x000000070b400000| PB 0x000000070b200000| Untracked 
|  57|0x000000070b400000, 0x000000070b600000, 0x000000070b600000|100%| O|  |TAMS 0x000000070b600000| PB 0x000000070b400000| Untracked 
|  58|0x000000070b600000, 0x000000070b800000, 0x000000070b800000|100%| O|  |TAMS 0x000000070b800000| PB 0x000000070b600000| Untracked 
|  59|0x000000070b800000, 0x000000070ba00000, 0x000000070ba00000|100%| O|  |TAMS 0x000000070ba00000| PB 0x000000070b800000| Untracked 
|  60|0x000000070ba00000, 0x000000070bc00000, 0x000000070bc00000|100%| O|  |TAMS 0x000000070bc00000| PB 0x000000070ba00000| Untracked 
|  61|0x000000070bc00000, 0x000000070be00000, 0x000000070be00000|100%| O|  |TAMS 0x000000070be00000| PB 0x000000070bc00000| Untracked 
|  62|0x000000070be00000, 0x000000070c000000, 0x000000070c000000|100%| O|  |TAMS 0x000000070c000000| PB 0x000000070be00000| Untracked 
|  63|0x000000070c000000, 0x000000070c200000, 0x000000070c200000|100%| O|  |TAMS 0x000000070c200000| PB 0x000000070c000000| Untracked 
|  64|0x000000070c200000, 0x000000070c400000, 0x000000070c400000|100%| O|  |TAMS 0x000000070c400000| PB 0x000000070c200000| Untracked 
|  65|0x000000070c400000, 0x000000070c600000, 0x000000070c600000|100%|HS|  |TAMS 0x000000070c600000| PB 0x000000070c400000| Complete 
|  66|0x000000070c600000, 0x000000070c800000, 0x000000070c800000|100%| O|  |TAMS 0x000000070c800000| PB 0x000000070c600000| Untracked 
|  67|0x000000070c800000, 0x000000070ca00000, 0x000000070ca00000|100%| O|  |TAMS 0x000000070ca00000| PB 0x000000070c800000| Untracked 
|  68|0x000000070ca00000, 0x000000070cc00000, 0x000000070cc00000|100%| O|  |TAMS 0x000000070cc00000| PB 0x000000070ca00000| Untracked 
|  69|0x000000070cc00000, 0x000000070ce00000, 0x000000070ce00000|100%| O|  |TAMS 0x000000070ce00000| PB 0x000000070cc00000| Untracked 
|  70|0x000000070ce00000, 0x000000070d000000, 0x000000070d000000|100%| O|  |TAMS 0x000000070d000000| PB 0x000000070ce00000| Untracked 
|  71|0x000000070d000000, 0x000000070d200000, 0x000000070d200000|100%| O|  |TAMS 0x000000070d200000| PB 0x000000070d000000| Untracked 
|  72|0x000000070d200000, 0x000000070d400000, 0x000000070d400000|100%| O|  |TAMS 0x000000070d400000| PB 0x000000070d200000| Untracked 
|  73|0x000000070d400000, 0x000000070d600000, 0x000000070d600000|100%| O|  |TAMS 0x000000070d600000| PB 0x000000070d400000| Untracked 
|  74|0x000000070d600000, 0x000000070d800000, 0x000000070d800000|100%| O|  |TAMS 0x000000070d800000| PB 0x000000070d600000| Untracked 
|  75|0x000000070d800000, 0x000000070da00000, 0x000000070da00000|100%| O|  |TAMS 0x000000070da00000| PB 0x000000070d800000| Untracked 
|  76|0x000000070da00000, 0x000000070dc00000, 0x000000070dc00000|100%| O|  |TAMS 0x000000070dc00000| PB 0x000000070da00000| Untracked 
|  77|0x000000070dc00000, 0x000000070de00000, 0x000000070de00000|100%| O|  |TAMS 0x000000070de00000| PB 0x000000070dc00000| Untracked 
|  78|0x000000070de00000, 0x000000070e000000, 0x000000070e000000|100%| O|  |TAMS 0x000000070e000000| PB 0x000000070de00000| Untracked 
|  79|0x000000070e000000, 0x000000070e200000, 0x000000070e200000|100%| O|  |TAMS 0x000000070e200000| PB 0x000000070e000000| Untracked 
|  80|0x000000070e200000, 0x000000070e400000, 0x000000070e400000|100%| O|  |TAMS 0x000000070e400000| PB 0x000000070e200000| Untracked 
|  81|0x000000070e400000, 0x000000070e4440e0, 0x000000070e600000| 13%| O|  |TAMS 0x000000070e4440e0| PB 0x000000070e400000| Untracked 
|  82|0x000000070e600000, 0x000000070e600000, 0x000000070e800000|  0%| F|  |TAMS 0x000000070e600000| PB 0x000000070e600000| Untracked 
|  83|0x000000070e800000, 0x000000070e800000, 0x000000070ea00000|  0%| F|  |TAMS 0x000000070e800000| PB 0x000000070e800000| Untracked 
|  84|0x000000070ea00000, 0x000000070ea00000, 0x000000070ec00000|  0%| F|  |TAMS 0x000000070ea00000| PB 0x000000070ea00000| Untracked 
|  85|0x000000070ec00000, 0x000000070ec00000, 0x000000070ee00000|  0%| F|  |TAMS 0x000000070ec00000| PB 0x000000070ec00000| Untracked 
|  86|0x000000070ee00000, 0x000000070ee00000, 0x000000070f000000|  0%| F|  |TAMS 0x000000070ee00000| PB 0x000000070ee00000| Untracked 
|  87|0x000000070f000000, 0x000000070f000000, 0x000000070f200000|  0%| F|  |TAMS 0x000000070f000000| PB 0x000000070f000000| Untracked 
|  88|0x000000070f200000, 0x000000070f200000, 0x000000070f400000|  0%| F|  |TAMS 0x000000070f200000| PB 0x000000070f200000| Untracked 
|  89|0x000000070f400000, 0x000000070f400000, 0x000000070f600000|  0%| F|  |TAMS 0x000000070f400000| PB 0x000000070f400000| Untracked 
|  90|0x000000070f600000, 0x000000070f600000, 0x000000070f800000|  0%| F|  |TAMS 0x000000070f600000| PB 0x000000070f600000| Untracked 
|  91|0x000000070f800000, 0x000000070f800000, 0x000000070fa00000|  0%| F|  |TAMS 0x000000070f800000| PB 0x000000070f800000| Untracked 
|  92|0x000000070fa00000, 0x000000070fa00000, 0x000000070fc00000|  0%| F|  |TAMS 0x000000070fa00000| PB 0x000000070fa00000| Untracked 
|  93|0x000000070fc00000, 0x000000070fc00000, 0x000000070fe00000|  0%| F|  |TAMS 0x000000070fc00000| PB 0x000000070fc00000| Untracked 
|  94|0x000000070fe00000, 0x000000070fe00000, 0x0000000710000000|  0%| F|  |TAMS 0x000000070fe00000| PB 0x000000070fe00000| Untracked 
|  95|0x0000000710000000, 0x0000000710000000, 0x0000000710200000|  0%| F|  |TAMS 0x0000000710000000| PB 0x0000000710000000| Untracked 
|  96|0x0000000710200000, 0x0000000710329fc0, 0x0000000710400000| 58%| S|CS|TAMS 0x0000000710200000| PB 0x0000000710200000| Complete 
|  97|0x0000000710400000, 0x0000000710600000, 0x0000000710600000|100%| S|CS|TAMS 0x0000000710400000| PB 0x0000000710400000| Complete 
|  98|0x0000000710600000, 0x0000000710800000, 0x0000000710800000|100%| S|CS|TAMS 0x0000000710600000| PB 0x0000000710600000| Complete 
|  99|0x0000000710800000, 0x0000000710800000, 0x0000000710a00000|  0%| F|  |TAMS 0x0000000710800000| PB 0x0000000710800000| Untracked 
| 100|0x0000000710a00000, 0x0000000710a00000, 0x0000000710c00000|  0%| F|  |TAMS 0x0000000710a00000| PB 0x0000000710a00000| Untracked 
| 101|0x0000000710c00000, 0x0000000710c00000, 0x0000000710e00000|  0%| F|  |TAMS 0x0000000710c00000| PB 0x0000000710c00000| Untracked 
| 102|0x0000000710e00000, 0x0000000710e00000, 0x0000000711000000|  0%| F|  |TAMS 0x0000000710e00000| PB 0x0000000710e00000| Untracked 
| 103|0x0000000711000000, 0x0000000711000000, 0x0000000711200000|  0%| F|  |TAMS 0x0000000711000000| PB 0x0000000711000000| Untracked 
| 104|0x0000000711200000, 0x0000000711200000, 0x0000000711400000|  0%| F|  |TAMS 0x0000000711200000| PB 0x0000000711200000| Untracked 
| 105|0x0000000711400000, 0x0000000711400000, 0x0000000711600000|  0%| F|  |TAMS 0x0000000711400000| PB 0x0000000711400000| Untracked 
| 106|0x0000000711600000, 0x0000000711600000, 0x0000000711800000|  0%| F|  |TAMS 0x0000000711600000| PB 0x0000000711600000| Untracked 
| 107|0x0000000711800000, 0x0000000711800000, 0x0000000711a00000|  0%| F|  |TAMS 0x0000000711800000| PB 0x0000000711800000| Untracked 
| 108|0x0000000711a00000, 0x0000000711a00000, 0x0000000711c00000|  0%| F|  |TAMS 0x0000000711a00000| PB 0x0000000711a00000| Untracked 
| 109|0x0000000711c00000, 0x0000000711c00000, 0x0000000711e00000|  0%| F|  |TAMS 0x0000000711c00000| PB 0x0000000711c00000| Untracked 
| 110|0x0000000711e00000, 0x0000000711e00000, 0x0000000712000000|  0%| F|  |TAMS 0x0000000711e00000| PB 0x0000000711e00000| Untracked 
| 111|0x0000000712000000, 0x0000000712000000, 0x0000000712200000|  0%| F|  |TAMS 0x0000000712000000| PB 0x0000000712000000| Untracked 
| 112|0x0000000712200000, 0x0000000712200000, 0x0000000712400000|  0%| F|  |TAMS 0x0000000712200000| PB 0x0000000712200000| Untracked 
| 113|0x0000000712400000, 0x0000000712400000, 0x0000000712600000|  0%| F|  |TAMS 0x0000000712400000| PB 0x0000000712400000| Untracked 
| 114|0x0000000712600000, 0x0000000712600000, 0x0000000712800000|  0%| F|  |TAMS 0x0000000712600000| PB 0x0000000712600000| Untracked 
| 115|0x0000000712800000, 0x0000000712800000, 0x0000000712a00000|  0%| F|  |TAMS 0x0000000712800000| PB 0x0000000712800000| Untracked 
| 116|0x0000000712a00000, 0x0000000712a00000, 0x0000000712c00000|  0%| F|  |TAMS 0x0000000712a00000| PB 0x0000000712a00000| Untracked 
| 117|0x0000000712c00000, 0x0000000712c00000, 0x0000000712e00000|  0%| F|  |TAMS 0x0000000712c00000| PB 0x0000000712c00000| Untracked 
| 118|0x0000000712e00000, 0x0000000712e00000, 0x0000000713000000|  0%| F|  |TAMS 0x0000000712e00000| PB 0x0000000712e00000| Untracked 
| 119|0x0000000713000000, 0x0000000713000000, 0x0000000713200000|  0%| F|  |TAMS 0x0000000713000000| PB 0x0000000713000000| Untracked 
| 120|0x0000000713200000, 0x0000000713200000, 0x0000000713400000|  0%| F|  |TAMS 0x0000000713200000| PB 0x0000000713200000| Untracked 
| 121|0x0000000713400000, 0x0000000713400000, 0x0000000713600000|  0%| F|  |TAMS 0x0000000713400000| PB 0x0000000713400000| Untracked 
| 122|0x0000000713600000, 0x0000000713600000, 0x0000000713800000|  0%| F|  |TAMS 0x0000000713600000| PB 0x0000000713600000| Untracked 
| 123|0x0000000713800000, 0x0000000713800000, 0x0000000713a00000|  0%| F|  |TAMS 0x0000000713800000| PB 0x0000000713800000| Untracked 
| 124|0x0000000713a00000, 0x0000000713a00000, 0x0000000713c00000|  0%| F|  |TAMS 0x0000000713a00000| PB 0x0000000713a00000| Untracked 
| 125|0x0000000713c00000, 0x0000000713c00000, 0x0000000713e00000|  0%| F|  |TAMS 0x0000000713c00000| PB 0x0000000713c00000| Untracked 
| 126|0x0000000713e00000, 0x0000000713e00000, 0x0000000714000000|  0%| F|  |TAMS 0x0000000713e00000| PB 0x0000000713e00000| Untracked 
| 127|0x0000000714000000, 0x0000000714000000, 0x0000000714200000|  0%| F|  |TAMS 0x0000000714000000| PB 0x0000000714000000| Untracked 
| 128|0x0000000714200000, 0x0000000714200000, 0x0000000714400000|  0%| F|  |TAMS 0x0000000714200000| PB 0x0000000714200000| Untracked 
| 129|0x0000000714400000, 0x0000000714400000, 0x0000000714600000|  0%| F|  |TAMS 0x0000000714400000| PB 0x0000000714400000| Untracked 
| 130|0x0000000714600000, 0x0000000714600000, 0x0000000714800000|  0%| F|  |TAMS 0x0000000714600000| PB 0x0000000714600000| Untracked 
| 131|0x0000000714800000, 0x0000000714800000, 0x0000000714a00000|  0%| F|  |TAMS 0x0000000714800000| PB 0x0000000714800000| Untracked 
| 132|0x0000000714a00000, 0x0000000714a00000, 0x0000000714c00000|  0%| F|  |TAMS 0x0000000714a00000| PB 0x0000000714a00000| Untracked 
| 133|0x0000000714c00000, 0x0000000714c00000, 0x0000000714e00000|  0%| F|  |TAMS 0x0000000714c00000| PB 0x0000000714c00000| Untracked 
| 134|0x0000000714e00000, 0x0000000714e00000, 0x0000000715000000|  0%| F|  |TAMS 0x0000000714e00000| PB 0x0000000714e00000| Untracked 
| 135|0x0000000715000000, 0x0000000715000000, 0x0000000715200000|  0%| F|  |TAMS 0x0000000715000000| PB 0x0000000715000000| Untracked 
|2014|0x00000007ffe00000, 0x0000000800000000, 0x0000000800000000|100%| O|  |TAMS 0x0000000800000000| PB 0x00000007ffe00000| Untracked 

Card table byte_map: [0x0000019e64580000,0x0000019e64d60000] _byte_map_base: 0x0000019e60d5f000

Marking Bits: (CMBitMap*) 0x0000019e4c25b200
 Bits: [0x0000019e64d60000, 0x0000019e68c58000)

Polling page: 0x0000019e4a050000

Metaspace:

Usage:
  Non-class:     80.53 MB used.
      Class:     12.22 MB used.
       Both:     92.75 MB used.

Virtual space:
  Non-class space:      128.00 MB reserved,      80.94 MB ( 63%) committed,  2 nodes.
      Class space:        1.00 GB reserved,      12.56 MB (  1%) committed,  1 nodes.
             Both:        1.12 GB reserved,      93.50 MB (  8%) committed. 

Chunk freelists:
   Non-Class:  14.72 MB
       Class:  3.48 MB
        Both:  18.20 MB

MaxMetaspaceSize: unlimited
CompressedClassSpaceSize: 1.00 GB
Initial GC threshold: 21.00 MB
Current GC threshold: 154.19 MB
CDS: on
 - commit_granule_bytes: 65536.
 - commit_granule_words: 8192.
 - virtual_space_node_default_size: 8388608.
 - enlarge_chunks_in_place: 1.
 - use_allocation_guard: 0.


Internal statistics:

num_allocs_failed_limit: 11.
num_arena_births: 1082.
num_arena_deaths: 4.
num_vsnodes_births: 3.
num_vsnodes_deaths: 0.
num_space_committed: 1496.
num_space_uncommitted: 0.
num_chunks_returned_to_freelist: 17.
num_chunks_taken_from_freelist: 4407.
num_chunk_merges: 8.
num_chunk_splits: 3216.
num_chunks_enlarged: 2496.
num_inconsistent_stats: 0.

CodeHeap 'non-profiled nmethods': size=119168Kb used=6301Kb max_used=6555Kb free=112866Kb
 bounds [0x0000019e5c1d0000, 0x0000019e5c840000, 0x0000019e63630000]
CodeHeap 'profiled nmethods': size=119104Kb used=18802Kb max_used=18802Kb free=100301Kb
 bounds [0x0000019e54630000, 0x0000019e55890000, 0x0000019e5ba80000]
CodeHeap 'non-nmethods': size=7488Kb used=3722Kb max_used=3826Kb free=3765Kb
 bounds [0x0000019e5ba80000, 0x0000019e5be50000, 0x0000019e5c1d0000]
 total_blobs=9751 nmethods=8986 adapters=665
 compilation: enabled
              stopped_count=0, restarted_count=0
 full_count=0

Compilation events (20 events):
Event: 12.174 Thread 0x0000019e7013fc40 10715       3       org.hibernate.metamodel.model.domain.AbstractManagedType::findDeclaredAttribute (43 bytes)
Event: 12.174 Thread 0x0000019e7013fc40 nmethod 10715 0x0000019e55887090 code [0x0000019e55887280, 0x0000019e55887840]
Event: 12.174 Thread 0x0000019e71514220 nmethod 10714 0x0000019e55887990 code [0x0000019e55887bc0, 0x0000019e55888410]
Event: 12.175 Thread 0x0000019e7013fc40 10717       3       org.antlr.v4.runtime.atn.LexerATNSimulator::addDFAEdge (37 bytes)
Event: 12.175 Thread 0x0000019e71514220 10708       1       org.springframework.data.repository.core.support.AbstractRepositoryMetadata::getRepositoryInterface (5 bytes)
Event: 12.175 Thread 0x0000019e71514220 nmethod 10708 0x0000019e5c4c9910 code [0x0000019e5c4c9aa0, 0x0000019e5c4c9b70]
Event: 12.175 Thread 0x0000019e7013fc40 nmethod 10717 0x0000019e55888690 code [0x0000019e55888860, 0x0000019e55888a98]
Event: 12.175 Thread 0x0000019e7013f590 10716       1       org.hibernate.metamodel.model.domain.internal.AbstractSqmPathSource::getPathName (5 bytes)
Event: 12.175 Thread 0x0000019e7013f590 nmethod 10716 0x0000019e5c4c9610 code [0x0000019e5c4c97a0, 0x0000019e5c4c9870]
Event: 12.177 Thread 0x0000019e700322f0 nmethod 10711 0x0000019e55888c10 code [0x0000019e558893c0, 0x0000019e5588d5d0]
Event: 12.188 Thread 0x0000019e700322f0 10718       1       org.hibernate.query.sqm.SqmPathSource::getIntermediatePathSource (2 bytes)
Event: 12.188 Thread 0x0000019e71514220 10719       3       org.hibernate.metamodel.model.domain.internal.BasicSqmPathSource::getSqmPathType (8 bytes)
Event: 12.188 Thread 0x0000019e700322f0 nmethod 10718 0x0000019e5c4c9310 code [0x0000019e5c4c94a0, 0x0000019e5c4c9570]
Event: 12.188 Thread 0x0000019e700322f0 10720       1       org.hibernate.stat.internal.StatisticsImpl::isStatisticsEnabled (5 bytes)
Event: 12.189 Thread 0x0000019e71514220 nmethod 10719 0x0000019e5588ee90 code [0x0000019e5588f040, 0x0000019e5588f278]
Event: 12.189 Thread 0x0000019e700322f0 nmethod 10720 0x0000019e5c4c9010 code [0x0000019e5c4c91a0, 0x0000019e5c4c9270]
Event: 12.189 Thread 0x0000019e700322f0 10721       1       org.springframework.data.util.NullableWrapperConverters$WrapperType::getType (5 bytes)
Event: 12.189 Thread 0x0000019e700322f0 nmethod 10721 0x0000019e5c4c8d10 code [0x0000019e5c4c8ea0, 0x0000019e5c4c8f70]
Event: 12.190 Thread 0x0000019e7013fc40 10722       1       org.hibernate.query.sqm.tree.select.SqmQuerySpec::getFromClause (5 bytes)
Event: 12.190 Thread 0x0000019e7013fc40 nmethod 10722 0x0000019e5c4c8a10 code [0x0000019e5c4c8ba0, 0x0000019e5c4c8c70]

GC Heap History (20 events):
Event: 10.912 GC heap after
{Heap after GC invocations=26 (full 0):
 garbage-first heap   total 96256K, used 50902K [0x0000000704200000, 0x0000000800000000)
  region size 2048K, 2 young (4096K), 2 survivors (4096K)
 Metaspace       used 92340K, committed 93056K, reserved 1179648K
  class space    used 12238K, committed 12544K, reserved 1048576K
}
Event: 11.225 GC heap before
{Heap before GC invocations=26 (full 0):
 garbage-first heap   total 96256K, used 83670K [0x0000000704200000, 0x0000000800000000)
  region size 2048K, 18 young (36864K), 2 survivors (4096K)
 Metaspace       used 94013K, committed 94720K, reserved 1179648K
  class space    used 12426K, committed 12736K, reserved 1048576K
}
Event: 11.229 GC heap after
{Heap after GC invocations=27 (full 0):
 garbage-first heap   total 96256K, used 54787K [0x0000000704200000, 0x0000000800000000)
  region size 2048K, 3 young (6144K), 3 survivors (6144K)
 Metaspace       used 94013K, committed 94720K, reserved 1179648K
  class space    used 12426K, committed 12736K, reserved 1048576K
}
Event: 11.286 GC heap before
{Heap before GC invocations=28 (full 0):
 garbage-first heap   total 122880K, used 83459K [0x0000000704200000, 0x0000000800000000)
  region size 2048K, 17 young (34816K), 3 survivors (6144K)
 Metaspace       used 94015K, committed 94720K, reserved 1179648K
  class space    used 12426K, committed 12736K, reserved 1048576K
}
Event: 11.294 GC heap after
{Heap after GC invocations=29 (full 0):
 garbage-first heap   total 122880K, used 64813K [0x0000000704200000, 0x0000000800000000)
  region size 2048K, 3 young (6144K), 3 survivors (6144K)
 Metaspace       used 94015K, committed 94720K, reserved 1179648K
  class space    used 12426K, committed 12736K, reserved 1048576K
}
Event: 11.335 GC heap before
{Heap before GC invocations=29 (full 0):
 garbage-first heap   total 122880K, used 99629K [0x0000000704200000, 0x0000000800000000)
  region size 2048K, 21 young (43008K), 3 survivors (6144K)
 Metaspace       used 94015K, committed 94720K, reserved 1179648K
  class space    used 12426K, committed 12736K, reserved 1048576K
}
Event: 11.344 GC heap after
{Heap after GC invocations=30 (full 0):
 garbage-first heap   total 124928K, used 78798K [0x0000000704200000, 0x0000000800000000)
  region size 2048K, 3 young (6144K), 3 survivors (6144K)
 Metaspace       used 94015K, committed 94720K, reserved 1179648K
  class space    used 12426K, committed 12736K, reserved 1048576K
}
Event: 11.376 GC heap before
{Heap before GC invocations=30 (full 0):
 garbage-first heap   total 124928K, used 103374K [0x0000000704200000, 0x0000000800000000)
  region size 2048K, 15 young (30720K), 3 survivors (6144K)
 Metaspace       used 94015K, committed 94720K, reserved 1179648K
  class space    used 12426K, committed 12736K, reserved 1048576K
}
Event: 11.383 GC heap after
{Heap after GC invocations=31 (full 0):
 garbage-first heap   total 264192K, used 87984K [0x0000000704200000, 0x0000000800000000)
  region size 2048K, 2 young (4096K), 2 survivors (4096K)
 Metaspace       used 94015K, committed 94720K, reserved 1179648K
  class space    used 12426K, committed 12736K, reserved 1048576K
}
Event: 11.552 GC heap before
{Heap before GC invocations=32 (full 0):
 garbage-first heap   total 264192K, used 182192K [0x0000000704200000, 0x0000000800000000)
  region size 2048K, 48 young (98304K), 2 survivors (4096K)
 Metaspace       used 94010K, committed 94720K, reserved 1179648K
  class space    used 12425K, committed 12736K, reserved 1048576K
}
Event: 11.557 GC heap after
{Heap after GC invocations=33 (full 0):
 garbage-first heap   total 264192K, used 96773K [0x0000000704200000, 0x0000000800000000)
  region size 2048K, 6 young (12288K), 6 survivors (12288K)
 Metaspace       used 94010K, committed 94720K, reserved 1179648K
  class space    used 12425K, committed 12736K, reserved 1048576K
}
Event: 11.651 GC heap before
{Heap before GC invocations=33 (full 0):
 garbage-first heap   total 264192K, used 199173K [0x0000000704200000, 0x0000000800000000)
  region size 2048K, 56 young (114688K), 6 survivors (12288K)
 Metaspace       used 94010K, committed 94720K, reserved 1179648K
  class space    used 12425K, committed 12736K, reserved 1048576K
}
Event: 11.671 GC heap after
{Heap after GC invocations=34 (full 0):
 garbage-first heap   total 264192K, used 134220K [0x0000000704200000, 0x0000000800000000)
  region size 2048K, 7 young (14336K), 7 survivors (14336K)
 Metaspace       used 94010K, committed 94720K, reserved 1179648K
  class space    used 12425K, committed 12736K, reserved 1048576K
}
Event: 11.681 GC heap before
{Heap before GC invocations=34 (full 0):
 garbage-first heap   total 264192K, used 142412K [0x0000000704200000, 0x0000000800000000)
  region size 2048K, 12 young (24576K), 7 survivors (14336K)
 Metaspace       used 94010K, committed 94720K, reserved 1179648K
  class space    used 12425K, committed 12736K, reserved 1048576K
}
Event: 11.688 GC heap after
{Heap after GC invocations=35 (full 0):
 garbage-first heap   total 264192K, used 143360K [0x0000000704200000, 0x0000000800000000)
  region size 2048K, 3 young (6144K), 3 survivors (6144K)
 Metaspace       used 94010K, committed 94720K, reserved 1179648K
  class space    used 12425K, committed 12736K, reserved 1048576K
}
Event: 11.793 GC heap before
{Heap before GC invocations=36 (full 0):
 garbage-first heap   total 280576K, used 206848K [0x0000000704200000, 0x0000000800000000)
  region size 2048K, 34 young (69632K), 3 survivors (6144K)
 Metaspace       used 94010K, committed 94720K, reserved 1179648K
  class space    used 12425K, committed 12736K, reserved 1048576K
}
Event: 11.804 GC heap after
{Heap after GC invocations=37 (full 0):
 garbage-first heap   total 280576K, used 165257K [0x0000000704200000, 0x0000000800000000)
  region size 2048K, 5 young (10240K), 5 survivors (10240K)
 Metaspace       used 94010K, committed 94720K, reserved 1179648K
  class space    used 12425K, committed 12736K, reserved 1048576K
}
Event: 11.858 GC heap before
{Heap before GC invocations=37 (full 0):
 garbage-first heap   total 280576K, used 224649K [0x0000000704200000, 0x0000000800000000)
  region size 2048K, 34 young (69632K), 5 survivors (10240K)
 Metaspace       used 94010K, committed 94720K, reserved 1179648K
  class space    used 12425K, committed 12736K, reserved 1048576K
}
Event: 11.863 GC heap after
{Heap after GC invocations=38 (full 0):
 garbage-first heap   total 280576K, used 147728K [0x0000000704200000, 0x0000000800000000)
  region size 2048K, 1 young (2048K), 1 survivors (2048K)
 Metaspace       used 94010K, committed 94720K, reserved 1179648K
  class space    used 12425K, committed 12736K, reserved 1048576K
}
Event: 12.195 GC heap before
{Heap before GC invocations=38 (full 0):
 garbage-first heap   total 280576K, used 221456K [0x0000000704200000, 0x0000000800000000)
  region size 2048K, 37 young (75776K), 1 survivors (2048K)
 Metaspace       used 94976K, committed 95744K, reserved 1179648K
  class space    used 12509K, committed 12864K, reserved 1048576K
}

Dll operation events (13 events):
Event: 0.011 Loaded shared library C:\Program Files\Java\jdk-21\bin\java.dll
Event: 0.012 Loaded shared library C:\Program Files\Java\jdk-21\bin\zip.dll
Event: 0.039 Loaded shared library C:\Program Files\Java\jdk-21\bin\jsvml.dll
Event: 0.521 Loaded shared library C:\Program Files\Java\jdk-21\bin\instrument.dll
Event: 0.585 Loaded shared library C:\Program Files\Java\jdk-21\bin\net.dll
Event: 0.587 Loaded shared library C:\Program Files\Java\jdk-21\bin\nio.dll
Event: 0.597 Loaded shared library C:\Program Files\Java\jdk-21\bin\zip.dll
Event: 0.786 Loaded shared library C:\Program Files\Java\jdk-21\bin\jimage.dll
Event: 1.120 Loaded shared library C:\Program Files\Java\jdk-21\bin\management.dll
Event: 1.127 Loaded shared library C:\Program Files\Java\jdk-21\bin\management_ext.dll
Event: 2.911 Loaded shared library C:\Program Files\Java\jdk-21\bin\sunmscapi.dll
Event: 4.903 Loaded shared library C:\Program Files\Java\jdk-21\bin\verify.dll
Event: 7.128 Loaded shared library C:\Program Files\Java\jdk-21\bin\extnet.dll

Deoptimization events (20 events):
Event: 12.165 Thread 0x0000019e717f3bb0 DEOPT PACKING pc=0x0000019e54d12964 sp=0x000000611a8f8620
Event: 12.165 Thread 0x0000019e717f3bb0 DEOPT UNPACKING pc=0x0000019e5bad88e2 sp=0x000000611a8f7bd0 mode 1
Event: 12.165 Thread 0x0000019e717f3bb0 DEOPT PACKING pc=0x0000019e54cfb63c sp=0x000000611a8f8790
Event: 12.165 Thread 0x0000019e717f3bb0 DEOPT UNPACKING pc=0x0000019e5bad88e2 sp=0x000000611a8f7d30 mode 1
Event: 12.165 Thread 0x0000019e717f3bb0 DEOPT PACKING pc=0x0000019e5c4b78f4 sp=0x000000611a8f7de0
Event: 12.165 Thread 0x0000019e717f3bb0 DEOPT UNPACKING pc=0x0000019e5bad88e2 sp=0x000000611a8f7268 mode 1
Event: 12.165 Thread 0x0000019e717f3bb0 DEOPT PACKING pc=0x0000019e5c3a2150 sp=0x000000611a8f8810
Event: 12.165 Thread 0x0000019e717f3bb0 DEOPT UNPACKING pc=0x0000019e5bad88e2 sp=0x000000611a8f7c20 mode 1
Event: 12.165 Thread 0x0000019e717f3bb0 DEOPT PACKING pc=0x0000019e5c4b78f4 sp=0x000000611a8f8920
Event: 12.165 Thread 0x0000019e717f3bb0 DEOPT UNPACKING pc=0x0000019e5bad88e2 sp=0x000000611a8f7da8 mode 1
Event: 12.165 Thread 0x0000019e717f3bb0 DEOPT PACKING pc=0x0000019e5c3a2150 sp=0x000000611a8f9350
Event: 12.165 Thread 0x0000019e717f3bb0 DEOPT UNPACKING pc=0x0000019e5bad88e2 sp=0x000000611a8f8760 mode 1
Event: 12.172 Thread 0x0000019e717f3bb0 DEOPT PACKING pc=0x0000019e5c80eaec sp=0x000000611a8fb940
Event: 12.172 Thread 0x0000019e717f3bb0 DEOPT UNPACKING pc=0x0000019e5bad88e2 sp=0x000000611a8facf0 mode 1
Event: 12.174 Thread 0x0000019e717f3bb0 DEOPT PACKING pc=0x0000019e5c80eaec sp=0x000000611a8fb910
Event: 12.174 Thread 0x0000019e717f3bb0 DEOPT UNPACKING pc=0x0000019e5bad88e2 sp=0x000000611a8facc0 mode 1
Event: 12.189 Thread 0x0000019e717f3bb0 DEOPT PACKING pc=0x0000019e5c80eaec sp=0x000000611a8fb940
Event: 12.189 Thread 0x0000019e717f3bb0 DEOPT UNPACKING pc=0x0000019e5bad88e2 sp=0x000000611a8facf0 mode 1
Event: 12.192 Thread 0x0000019e717f3bb0 DEOPT PACKING pc=0x0000019e5c80eaec sp=0x000000611a8fb910
Event: 12.192 Thread 0x0000019e717f3bb0 DEOPT UNPACKING pc=0x0000019e5bad88e2 sp=0x000000611a8facc0 mode 1

Classes loaded (20 events):
Event: 12.139 Loading class java/util/package-info
Event: 12.139 Loading class java/util/package-info done
Event: 12.139 Loading class java/lang/Package$1PackageInfoProxy
Event: 12.139 Loading class java/lang/Package$1PackageInfoProxy done
Event: 12.140 Loading class org/springframework/data/jpa/repository/query/ParameterBinding$ParameterOrigin
Event: 12.140 Loading class org/springframework/data/jpa/repository/query/ParameterBinding$ParameterOrigin done
Event: 12.140 Loading class org/springframework/data/jpa/repository/query/ParameterBinding$ParameterOrigin
Event: 12.140 Loading class org/springframework/data/jpa/repository/query/ParameterBinding$ParameterOrigin done
Event: 12.140 Loading class org/springframework/data/jpa/repository/query/ParameterBinding$BindingIdentifier
Event: 12.140 Loading class org/springframework/data/jpa/repository/query/ParameterBinding$BindingIdentifier done
Event: 12.146 Loading class org/hibernate/query/sqm/spi/ParameterDeclarationContext
Event: 12.146 Loading class org/hibernate/query/sqm/spi/ParameterDeclarationContext done
Event: 12.146 Loading class org/hibernate/query/sqm/tree/predicate/SqmInListPredicate
Event: 12.146 Loading class org/hibernate/query/sqm/tree/predicate/SqmInListPredicate done
Event: 12.147 Loading class org/hibernate/type/BasicCollectionType
Event: 12.147 Loading class org/hibernate/type/BasicCollectionType done
Event: 12.164 Loading class kotlin/Double
Event: 12.164 Loading class kotlin/Double done
Event: 12.165 Loading class kotlin/Double
Event: 12.165 Loading class kotlin/Double done

Classes unloaded (2 events):
Event: 11.425 Thread 0x0000019e6b473dd0 Unloading class 0x0000019e01c65400 'jdk/internal/reflect/GeneratedSerializationConstructorAccessor2'
Event: 11.425 Thread 0x0000019e6b473dd0 Unloading class 0x0000019e01c44800 'jdk/internal/reflect/GeneratedSerializationConstructorAccessor1'

Classes redefined (1 events):
Event: 0.544 Thread 0x0000019e6b473dd0 redefined class name=java.lang.Throwable, count=1

Internal exceptions (20 events):
Event: 8.627 Thread 0x0000019e717f3bb0 Exception <a 'java/lang/NoSuchMethodError'{0x00000007127033c8}: 'java.lang.Object java.lang.invoke.DirectMethodHandle$Holder.newInvokeSpecial(java.lang.Object, java.lang.Object, java.lang.Object, java.lang.Object, java.lang.Object, int, java.lang.Object)'> (0x00000007127033c8) 
thrown [s\open\src\hotspot\share\interpreter\linkResolver.cpp, line 773]
Event: 8.631 Thread 0x0000019e717f3bb0 Exception <a 'java/lang/NoSuchMethodError'{0x000000071273c6b0}: 'java.lang.Object java.lang.invoke.Invokers$Holder.linkToTargetMethod(java.lang.Object, java.lang.Object, java.lang.Object, java.lang.Object, java.lang.Object, java.lang.Object, java.lang.Object, java.lang.Object, java.lang.Object, java.lang.Object, java.lang.Object, java.lang.Object)'> (0x000000071273c6b0) 
thrown [s\open\src\hotspot\share\interpreter\linkResolver.cpp, line 773]
Event: 8.663 Thread 0x0000019e717f3bb0 Exception <a 'java/lang/IncompatibleClassChangeError'{0x00000007125464a0}: Found class java.lang.Object, but interface was expected> (0x00000007125464a0) 
thrown [s\open\src\hotspot\share\interpreter\linkResolver.cpp, line 840]
Event: 8.672 Thread 0x0000019e717f3bb0 Exception <a 'java/lang/NoSuchMethodError'{0x00000007125dec38}: 'java.lang.Object java.lang.invoke.DirectMethodHandle$Holder.newInvokeSpecial(java.lang.Object, java.lang.Object, int, java.lang.Object, int, java.lang.Object, java.lang.Object)'> (0x00000007125dec38) 
thrown [s\open\src\hotspot\share\interpreter\linkResolver.cpp, line 773]
Event: 8.676 Thread 0x0000019e717f3bb0 Exception <a 'java/lang/NoSuchMethodError'{0x0000000712238740}: 'java.lang.Object java.lang.invoke.DirectMethodHandle$Holder.newInvokeSpecial(java.lang.Object, java.lang.Object, java.lang.Object, java.lang.Object, java.lang.Object, java.lang.Object, java.lang.Object, int)'> (0x0000000712238740) 
thrown [s\open\src\hotspot\share\interpreter\linkResolver.cpp, line 773]
Event: 8.676 Thread 0x0000019e717f3bb0 Exception <a 'java/lang/NoSuchMethodError'{0x000000071223d510}: 'java.lang.Object java.lang.invoke.DirectMethodHandle$Holder.invokeSpecial(java.lang.Object, java.lang.Object, java.lang.Object, java.lang.Object, java.lang.Object, java.lang.Object, java.lang.Object, java.lang.Object, int)'> (0x000000071223d510) 
thrown [s\open\src\hotspot\share\interpreter\linkResolver.cpp, line 773]
Event: 8.676 Thread 0x0000019e717f3bb0 Exception <a 'java/lang/NoSuchMethodError'{0x0000000712241d98}: 'java.lang.Object java.lang.invoke.Invokers$Holder.linkToTargetMethod(java.lang.Object, java.lang.Object, java.lang.Object, java.lang.Object, java.lang.Object, java.lang.Object, int, java.lang.Object)'> (0x0000000712241d98) 
thrown [s\open\src\hotspot\share\interpreter\linkResolver.cpp, line 773]
Event: 8.985 Thread 0x0000019e717f3bb0 Exception <a 'java/lang/NoSuchMethodError'{0x0000000708836df0}: 'java.lang.Object java.lang.invoke.DirectMethodHandle$Holder.invokeSpecial(java.lang.Object, java.lang.Object, int, java.lang.Object, int)'> (0x0000000708836df0) 
thrown [s\open\src\hotspot\share\interpreter\linkResolver.cpp, line 773]
Event: 9.811 Thread 0x0000019e717f3bb0 Implicit null exception at 0x0000019e5c75b3db to 0x0000019e5c75e2d0
Event: 9.816 Thread 0x0000019e717f3bb0 Exception <a 'java/lang/IncompatibleClassChangeError'{0x0000000708302120}: Found class java.lang.Object, but interface was expected> (0x0000000708302120) 
thrown [s\open\src\hotspot\share\interpreter\linkResolver.cpp, line 840]
Event: 9.832 Thread 0x0000019e717f3bb0 Implicit null exception at 0x0000019e5c7995ef to 0x0000019e5c799898
Event: 9.854 Thread 0x0000019e717f3bb0 Exception <a 'java/lang/IncompatibleClassChangeError'{0x0000000708156ca0}: Found class java.lang.Object, but interface was expected> (0x0000000708156ca0) 
thrown [s\open\src\hotspot\share\interpreter\linkResolver.cpp, line 840]
Event: 9.955 Thread 0x0000019e717f3bb0 Exception <a 'java/lang/IncompatibleClassChangeError'{0x0000000713cc5a28}: Found class java.lang.Object, but interface was expected> (0x0000000713cc5a28) 
thrown [s\open\src\hotspot\share\interpreter\linkResolver.cpp, line 840]
Event: 9.990 Thread 0x0000019e717f3bb0 Exception <a 'java/lang/NoSuchMethodError'{0x000000071270c430}: method resolution failed> (0x000000071270c430) 
thrown [s\open\src\hotspot\share\prims\methodHandles.cpp, line 1144]
Event: 10.243 Thread 0x0000019e717f3bb0 Exception <a 'java/lang/IncompatibleClassChangeError'{0x0000000708765200}: Found class java.lang.Object, but interface was expected> (0x0000000708765200) 
thrown [s\open\src\hotspot\share\interpreter\linkResolver.cpp, line 840]
Event: 10.243 Thread 0x0000019e717f3bb0 Exception <a 'java/lang/IncompatibleClassChangeError'{0x000000070876acf0}: Found class java.lang.Object, but interface was expected> (0x000000070876acf0) 
thrown [s\open\src\hotspot\share\interpreter\linkResolver.cpp, line 840]
Event: 10.923 Thread 0x0000019e717f3bb0 Exception <a 'java/lang/NoSuchMethodError'{0x0000000713d65df8}: 'int java.lang.invoke.DirectMethodHandle$Holder.invokeStaticInit(java.lang.Object, int, java.lang.Object, java.lang.Object, java.lang.Object, java.lang.Object)'> (0x0000000713d65df8) 
thrown [s\open\src\hotspot\share\interpreter\linkResolver.cpp, line 773]
Event: 10.977 Thread 0x0000019e717f3bb0 Exception <a 'java/lang/NoSuchMethodError'{0x00000007124ecf90}: 'long java.lang.invoke.DirectMethodHandle$Holder.invokeVirtual(java.lang.Object, java.lang.Object)'> (0x00000007124ecf90) 
thrown [s\open\src\hotspot\share\interpreter\linkResolver.cpp, line 773]
Event: 10.981 Thread 0x0000019e717f3bb0 Exception <a 'java/io/FileNotFoundException'{0x0000000712520bd8}> (0x0000000712520bd8) 
thrown [s\open\src\hotspot\share\prims\jni.cpp, line 520]
Event: 12.134 Thread 0x0000019e717f3bb0 Exception <a 'java/lang/NoSuchMethodError'{0x00000007121a4db0}: 'java.lang.Object java.lang.invoke.DirectMethodHandle$Holder.invokeInterface(java.lang.Object, java.lang.Object, int)'> (0x00000007121a4db0) 
thrown [s\open\src\hotspot\share\interpreter\linkResolver.cpp, line 773]

ZGC Phase Switch (0 events):
No events

VM Operations (20 events):
Event: 11.437 Executing VM operation: G1PauseRemark done
Event: 11.459 Executing VM operation: G1PauseCleanup
Event: 11.459 Executing VM operation: G1PauseCleanup done
Event: 11.552 Executing VM operation: G1CollectForAllocation (G1 Evacuation Pause)
Event: 11.557 Executing VM operation: G1CollectForAllocation (G1 Evacuation Pause) done
Event: 11.651 Executing VM operation: G1CollectForAllocation (G1 Evacuation Pause)
Event: 11.671 Executing VM operation: G1CollectForAllocation (G1 Evacuation Pause) done
Event: 11.681 Executing VM operation: G1TryInitiateConcMark (G1 Humongous Allocation)
Event: 11.688 Executing VM operation: G1TryInitiateConcMark (G1 Humongous Allocation) done
Event: 11.732 Executing VM operation: G1PauseRemark
Event: 11.736 Executing VM operation: G1PauseRemark done
Event: 11.758 Executing VM operation: G1PauseCleanup
Event: 11.759 Executing VM operation: G1PauseCleanup done
Event: 11.793 Executing VM operation: G1CollectForAllocation (G1 Evacuation Pause)
Event: 11.804 Executing VM operation: G1CollectForAllocation (G1 Evacuation Pause) done
Event: 11.858 Executing VM operation: G1CollectForAllocation (G1 Evacuation Pause)
Event: 11.863 Executing VM operation: G1CollectForAllocation (G1 Evacuation Pause) done
Event: 12.063 Executing VM operation: ICBufferFull
Event: 12.063 Executing VM operation: ICBufferFull done
Event: 12.195 Executing VM operation: G1CollectForAllocation (G1 Evacuation Pause)

Events (20 events):
Event: 11.437 Thread 0x0000019e6b473dd0 flushing nmethod 0x0000019e5c4eed90
Event: 11.437 Thread 0x0000019e6b473dd0 flushing nmethod 0x0000019e5c4b3610
Event: 11.437 Thread 0x0000019e6b473dd0 flushing nmethod 0x0000019e5c4edc90
Event: 11.437 Thread 0x0000019e6b473dd0 flushing nmethod 0x0000019e5c3df510
Event: 11.437 Thread 0x0000019e6b473dd0 flushing nmethod 0x0000019e5c3cdb10
Event: 11.437 Thread 0x0000019e6b473dd0 flushing nmethod 0x0000019e5c3cb210
Event: 11.437 Thread 0x0000019e6b473dd0 flushing nmethod 0x0000019e5c33ea10
Event: 11.437 Thread 0x0000019e6b473dd0 flushing nmethod 0x0000019e5c3b9c90
Event: 11.437 Thread 0x0000019e6b473dd0 flushing nmethod 0x0000019e5c3c9090
Event: 11.437 Thread 0x0000019e6b473dd0 flushing nmethod 0x0000019e5c242910
Event: 11.437 Thread 0x0000019e6b473dd0 flushing nmethod 0x0000019e5c24c010
Event: 11.731 Thread 0x0000019e48278f20 Thread exited: 0x0000019e48278f20
Event: 11.735 Thread 0x0000019e6b473dd0 flushing nmethod 0x0000019e556bf210
Event: 11.735 Thread 0x0000019e6b473dd0 flushing nmethod 0x0000019e557aa290
Event: 11.735 Thread 0x0000019e6b473dd0 flushing nmethod 0x0000019e556b2f10
Event: 11.735 Thread 0x0000019e6b473dd0 flushing nmethod 0x0000019e556b4d10
Event: 11.735 Thread 0x0000019e6b473dd0 flushing nmethod 0x0000019e54845490
Event: 11.735 Thread 0x0000019e6b473dd0 flushing nmethod 0x0000019e5c4c6210
Event: 11.824 Thread 0x0000019e48276640 Thread exited: 0x0000019e48276640
Event: 11.902 Thread 0x0000019e743f8400 Thread added: 0x0000019e743f8400


Dynamic libraries:
0x00007ff68a470000 - 0x00007ff68a480000 	C:\Program Files\Java\jdk-21\bin\java.exe
0x00007ff84d6a0000 - 0x00007ff84d908000 	C:\WINDOWS\SYSTEM32\ntdll.dll
0x00007ff84cfd0000 - 0x00007ff84d099000 	C:\WINDOWS\System32\KERNEL32.DLL
0x00007ff84ac30000 - 0x00007ff84b021000 	C:\WINDOWS\System32\KERNELBASE.dll
0x00007ff84b030000 - 0x00007ff84b17b000 	C:\WINDOWS\System32\ucrtbase.dll
0x00007ff842790000 - 0x00007ff8427a9000 	C:\Program Files\Java\jdk-21\bin\jli.dll
0x00007ff83dbc0000 - 0x00007ff83dbdb000 	C:\Program Files\Java\jdk-21\bin\VCRUNTIME140.dll
0x00007ff84b680000 - 0x00007ff84b734000 	C:\WINDOWS\System32\ADVAPI32.dll
0x00007ff84d0a0000 - 0x00007ff84d149000 	C:\WINDOWS\System32\msvcrt.dll
0x00007ff84bc50000 - 0x00007ff84bcf6000 	C:\WINDOWS\System32\sechost.dll
0x00007ff84bb30000 - 0x00007ff84bc48000 	C:\WINDOWS\System32\RPCRT4.dll
0x00007ff84b4a0000 - 0x00007ff84b666000 	C:\WINDOWS\System32\USER32.dll
0x00007ff82d9f0000 - 0x00007ff82dc83000 	C:\WINDOWS\WinSxS\amd64_microsoft.windows.common-controls_6595b64144ccf1df_6.0.26100.7824_none_3e0870b2e3345462\COMCTL32.dll
0x00007ff84a920000 - 0x00007ff84a947000 	C:\WINDOWS\System32\win32u.dll
0x00007ff84ba70000 - 0x00007ff84ba9b000 	C:\WINDOWS\System32\GDI32.dll
0x00007ff849f80000 - 0x00007ff84a0ab000 	C:\WINDOWS\System32\gdi32full.dll
0x00007ff84ab80000 - 0x00007ff84ac23000 	C:\WINDOWS\System32\msvcp_win.dll
0x00007ff841f40000 - 0x00007ff841f4b000 	C:\WINDOWS\SYSTEM32\VERSION.dll
0x00007ff84b860000 - 0x00007ff84b891000 	C:\WINDOWS\System32\IMM32.DLL
0x00007ff842160000 - 0x00007ff84216c000 	C:\Program Files\Java\jdk-21\bin\vcruntime140_1.dll
0x00007ff810d00000 - 0x00007ff810d8e000 	C:\Program Files\Java\jdk-21\bin\msvcp140.dll
0x00007fff4d540000 - 0x00007fff4e257000 	C:\Program Files\Java\jdk-21\bin\server\jvm.dll
0x00007ff84b8a0000 - 0x00007ff84b914000 	C:\WINDOWS\System32\WS2_32.dll
0x00007ff849de0000 - 0x00007ff849e3e000 	C:\WINDOWS\SYSTEM32\POWRPROF.dll
0x00007ff839ee0000 - 0x00007ff839f15000 	C:\WINDOWS\SYSTEM32\WINMM.dll
0x00007ff849dc0000 - 0x00007ff849dd4000 	C:\WINDOWS\SYSTEM32\UMPDC.dll
0x00007ff848ce0000 - 0x00007ff848cfb000 	C:\WINDOWS\SYSTEM32\kernel.appcore.dll
0x00007ff841b00000 - 0x00007ff841b0a000 	C:\Program Files\Java\jdk-21\bin\jimage.dll
0x00007ff8477c0000 - 0x00007ff847a02000 	C:\WINDOWS\SYSTEM32\DBGHELP.DLL
0x00007ff84bd00000 - 0x00007ff84c086000 	C:\WINDOWS\System32\combase.dll
0x00007ff84b980000 - 0x00007ff84ba57000 	C:\WINDOWS\System32\OLEAUT32.dll
0x00007ff81a460000 - 0x00007ff81a49b000 	C:\WINDOWS\SYSTEM32\dbgcore.DLL
0x00007ff84b210000 - 0x00007ff84b2b5000 	C:\WINDOWS\System32\bcryptPrimitives.dll
0x00007ff810040000 - 0x00007ff81007c000 	C:\Program Files\Java\jdk-21\bin\jdwp.dll
0x00007ff83d290000 - 0x00007ff83d29f000 	C:\Program Files\Java\jdk-21\bin\instrument.dll
0x00007ff83ce60000 - 0x00007ff83ce7f000 	C:\Program Files\Java\jdk-21\bin\java.dll
0x00007ff829a60000 - 0x00007ff829a78000 	C:\Program Files\Java\jdk-21\bin\zip.dll
0x00007ff84c090000 - 0x00007ff84c7e2000 	C:\WINDOWS\System32\SHELL32.dll
0x00007ff84a950000 - 0x00007ff84aaba000 	C:\WINDOWS\System32\wintypes.dll
0x00007ff84a0b0000 - 0x00007ff84a913000 	C:\WINDOWS\System32\windows.storage.dll
0x00007ff84ca50000 - 0x00007ff84cb46000 	C:\WINDOWS\System32\SHCORE.dll
0x00007ff84c9e0000 - 0x00007ff84ca47000 	C:\WINDOWS\System32\shlwapi.dll
0x00007ff849ea0000 - 0x00007ff849ec9000 	C:\WINDOWS\SYSTEM32\profapi.dll
0x00007ff80fea0000 - 0x00007ff80ff77000 	C:\Program Files\Java\jdk-21\bin\jsvml.dll
0x00007ff815cb0000 - 0x00007ff815cbc000 	C:\Program Files\Java\jdk-21\bin\dt_socket.dll
0x00007ff848790000 - 0x00007ff8487c4000 	C:\WINDOWS\SYSTEM32\IPHLPAPI.DLL
0x00007ff849230000 - 0x00007ff84929b000 	C:\WINDOWS\system32\mswsock.dll
0x00007ff83d280000 - 0x00007ff83d290000 	C:\Program Files\Java\jdk-21\bin\net.dll
0x00007ff843f60000 - 0x00007ff844087000 	C:\WINDOWS\SYSTEM32\WINHTTP.dll
0x00007ff821f50000 - 0x00007ff821f66000 	C:\Program Files\Java\jdk-21\bin\nio.dll
0x00007ff81a8a0000 - 0x00007ff81a8aa000 	C:\Program Files\Java\jdk-21\bin\management.dll
0x00007ff81a890000 - 0x00007ff81a89b000 	C:\Program Files\Java\jdk-21\bin\management_ext.dll
0x00007ff84b670000 - 0x00007ff84b678000 	C:\WINDOWS\System32\PSAPI.DLL
0x00007ff8163a0000 - 0x00007ff8163ae000 	C:\Program Files\Java\jdk-21\bin\sunmscapi.dll
0x00007ff84b2c0000 - 0x00007ff84b437000 	C:\WINDOWS\System32\CRYPT32.dll
0x00007ff849780000 - 0x00007ff8497b0000 	C:\WINDOWS\SYSTEM32\ncrypt.dll
0x00007ff849730000 - 0x00007ff84976f000 	C:\WINDOWS\SYSTEM32\NTASN1.dll
0x00007ff829a50000 - 0x00007ff829a60000 	C:\Program Files\Java\jdk-21\bin\verify.dll
0x00007ff849620000 - 0x00007ff84963b000 	C:\WINDOWS\SYSTEM32\CRYPTSP.dll
0x00007ff848c40000 - 0x00007ff848c79000 	C:\WINDOWS\system32\rsaenh.dll
0x00007ff8492e0000 - 0x00007ff84930b000 	C:\WINDOWS\SYSTEM32\USERENV.dll
0x00007ff849e70000 - 0x00007ff849e9a000 	C:\WINDOWS\SYSTEM32\bcrypt.dll
0x00007ff849480000 - 0x00007ff84948c000 	C:\WINDOWS\SYSTEM32\CRYPTBASE.dll
0x00007ff84c7f0000 - 0x00007ff84c7fa000 	C:\WINDOWS\System32\NSI.dll
0x00007ff8487d0000 - 0x00007ff8488fc000 	C:\WINDOWS\SYSTEM32\DNSAPI.dll
0x00007ff843de0000 - 0x00007ff843deb000 	C:\Windows\System32\rasadhlp.dll
0x00007ff844330000 - 0x00007ff8443b6000 	C:\WINDOWS\System32\fwpuclnt.dll
0x00007ff8163b0000 - 0x00007ff8163b9000 	C:\Program Files\Java\jdk-21\bin\extnet.dll

dbghelp: loaded successfully - version: 4.0.5 - missing functions: none
symbol engine: initialized successfully - sym options: 0x614 - pdb path: .;C:\Program Files\Java\jdk-21\bin;C:\WINDOWS\SYSTEM32;C:\WINDOWS\WinSxS\amd64_microsoft.windows.common-controls_6595b64144ccf1df_6.0.26100.7824_none_3e0870b2e3345462;C:\Program Files\Java\jdk-21\bin\server

VM Arguments:
jvm_args: -agentlib:jdwp=transport=dt_socket,address=127.0.0.1:63380,suspend=y,server=n -javaagent:C:\Users\nurse\AppData\Local\JetBrains\IdeaIC2024.3\captureAgent\debugger-agent.jar=file:/C:/Users/nurse/AppData/Local/Temp/capture.props -Dkotlinx.coroutines.debug.enable.creation.stack.trace=false -Ddebugger.agent.enable.coroutines=true -Dkotlinx.coroutines.debug.enable.flows.stack.trace=true -Dkotlinx.coroutines.debug.enable.mutable.state.flows.stack.trace=true -Dfile.encoding=UTF-8 -Dsun.stdout.encoding=UTF-8 -Dsun.stderr.encoding=UTF-8 
java_command: com.nursenasevilmis.fenlab.FenLabApplicationKt
java_class_path (initial): D:\bitirme_proje\fenlab-backend\build\classes\kotlin\main;D:\bitirme_proje\fenlab-backend\build\resources\main;C:\Users\nurse\.gradle\caches\modules-2\files-2.1\org.springframework.boot\spring-boot-starter-web\3.5.6\83d6174983b3d6649525a272222af212728a9892\spring-boot-starter-web-3.5.6.jar;C:\Users\nurse\.gradle\caches\modules-2\files-2.1\org.springdoc\springdoc-openapi-starter-webmvc-ui\2.7.0\4426174e7fa7428a1c5f2edbd352c89e3e6b9794\springdoc-openapi-starter-webmvc-ui-2.7.0.jar;C:\Users\nurse\.gradle\caches\modules-2\files-2.1\com.fasterxml.jackson.datatype\jackson-datatype-jsr310\2.19.2\72e73f048b36d9df82aef146bf8b2ae63b2e28e2\jackson-datatype-jsr310-2.19.2.jar;C:\Users\nurse\.gradle\caches\modules-2\files-2.1\io.minio\minio\8.5.7\c17d6e693cfba62ad0822fde84336bb2ba814ff3\minio-8.5.7.jar;C:\Users\nurse\.gradle\caches\modules-2\files-2.1\com.fasterxml.jackson.module\jackson-module-kotlin\2.19.2\c052fdf35343bf6b4e132e75515243e0d497db64\jackson-module-kotlin-2.19.2.jar;C:\Users\nurse\.gradle\caches\modules-2\files-2.1\org.jetbrains.kotlin\kotlin-reflect\1.9.25\73023c38b7b20430232893cf9b556dc8486e07a4\kotlin-reflect-1.9.25.jar;C:\Users\nurse\.gradle\caches\modules-2\files-2.1\io.github.microutils\kotlin-logging-jvm\3.0.5\82f2256aeedccfd9c27ea585274a50bf06517383\kotlin-logging-jvm-3.0.5.jar;C:\Users\nurse\.gradle\caches\modules-2\files-2.1\org.jetbrains.kotlin\kotlin-stdlib\1.9.25\f700a2f2b8f0d6d0fde48f56d894dc722fb029d7\kotlin-stdlib-1.9.25.jar;C:\Users\nurse\.gradle\caches\modules-2\files-2.1\org.springframework.boot\spring-boot-starter-data-redis\3.5.6\cd8b9c7e3d4139528b58e74d65b708d12d5d612d\spring-boot-starter-data-redis-3.5.6.jar;C:\Users\nurse\.gradle\caches\modules-2\files-2.1\org.springframework.boot\spring-boot-starter-data-jpa\3.5.6\ec77fd4b025ff3401e80be68a8a3dfbe45c7dcfa\spring-boot-starter-data-jpa-3.5.6.jar;C:\Users\nurse\.gradle\caches\modules-2\files-2.1\org.springframework.boot\spring-boot-starter-validation\3.5.6\2ec647ae8e16b09a4aee4a17c0e7736f6214aacc\spring-boot-starter-validation-3.5.6.jar;C:\Users\nurse\.gradle\caches\modules-2\files-2.1\org.springframework.boot\spring-boot-starter-security\3.5.6\f784752820b4e59f1e144e6d208d04fa27da9\spring-boot-starter-security-3.5.6.jar;C:\Users\nurse\.gradle\caches\modules-2\files-2.1\org.springframework.boot\spring-boot-starter-actuator\3.5.6\3e00af7ce0236ea8644bf76284f538beba3e76c7\spring-boot-starter-actuator-3.5.6.jar;C:\Users\nurse\.gradle\caches\modules-2\files-2.1\com.itextpdf\itextpdf\5.5.13.3\5282897d446c3b736d63ef6e83043eb6f1943b4e\itextpdf-5.5.13.3.jar;C:\Users\nurse\.gradle\caches\modules-2\files-2.1\com.itextpdf\html2pdf\4.0.5\bfe297fae636497ea065e44633774f0662cf099\html2pdf-4.0.5.jar;C:\Users\nurse\.gradle\caches\modules-2\files-2.1\com.itextpdf\layout\7.2.6\2bc53af8af705fc52f2f04df3b13226371851d4a\layout-7.2.6.jar;C:\Users\nurse\.gradle\caches\modules-2\files-2.1\com.itextpdf\kernel\7.2.6\41de6f7e553ac1ff4a3183d9b99f2b4e19fde51\kernel-7.2.6.jar;C:\Users\nurse\.gradle\caches\modules-2\files-2.1\io.jsonwebtoken\jjwt-api\0.11.5\f742940045619d06383e7df37b21ac422b476cf1\jjwt-api-0.11.5.jar;C:\Users\nurse\.gradle\caches\modules-2\files-2.1\org.springframework.boot\spring-boot-starter-json\3.5.6\62143e29dbac1e72759da7dd85fb8f85a3d582f7\spring-boot-starter-json-3.5.6.jar;C:\Users\nurse\.gradle\caches\modules-2\files-2.1\org.springframework.boot\spring-boot-starter\3.5.6\2a2de314809a7c4c9b7303063c1313e03fe31ad3\spring-boot-starter-3.5.6.jar;C:\Users\nurse\.gradle\caches\modules-2\files-2.1\org.springframework.boot\spring-boot-starter-tomcat\3.5.6\9384211e92c82344e23b00a580cc769724ea9a0c\spring-boot-starter-tomcat-3.5.6.jar;C:\Users\nurse\.gradle\caches\modules-2\files-2.1\org.springframework\spring-webmvc\6.2.11\3313fe95e06c1d3c94d00301cbed56ed1a9d2a86\spring-webmvc-6.2.11.jar;C:\Users\nurse\.gradle\caches\modules-2\files-2.1\org.springframework\spring-web\6.2.11\e590ac3e1aaea2d34a5ccb5c25ad84acbada8468\spring-web-6.2.11.jar;C:\Users\nurse\.gradle\caches\modules-2\files-2.1\org.springdoc\springdoc-openapi-starter-webmvc-api\2.7.0\37d5234d1fd470918775569ebe240e18c367340f\springdoc-openapi-starter-webmvc-api-2.7.0.jar;C:\Users\nurse\.gradle\caches\modules-2\files-2.1\org.webjars\swagger-ui\5.18.2\368118833fc82beedbc17783972c836aa22e0872\swagger-ui-5.18.2.jar;C:\Users\nurse\.gradle\caches\modules-2\files-2.1\org.webjars\webjars-locator-lite\1.1.0\4aaeaa0cdaabb6c72a98894f0faf41037a907115\webjars-locator-lite-1.1.0.jar;C:\Users\nurse\.gradle\caches\modules-2\files-2.1\com.fasterxml.jackson.core\jackson-databind\2.19.2\46509399d28f57ca32c6bb4b0d4e10e8f062051e\jackson-databind-2.19.2.jar;C:\Users\nurse\.gradle\caches\modules-2\files-2.1\com.fasterxml.jackson.core\jackson-annotations\2.19.2\c5381f11988ae3d424b197a26087d86067b6d7d\jackson-annotations-2.19.2.jar;C:\Users\nurse\.gradle\caches\modules-2\files-2.1\com.fasterxml.jackson.core\jackson-core\2.19.2\50f3b4bd59b9ff51a0ed493e7b5abaf5c39709bf\jackson-core-2.19.2.jar;C:\Users\nurse\.gradle\caches\modules-2\files-2.1\com.squareup.okhttp3\okhttp\4.12.0\2f4525d4a200e97e1b87449c2cd9bd2e25b7e8cd\okhttp-4.12.0.jar;C:\Users\nurse\.gradle\caches\modules-2\files-2.1\org.bouncycastle\bcprov-jdk18on\1.76\3a785d0b41806865ad7e311162bfa3fa60b3965b\bcprov-jdk18on-1.76.jar;C:\Users\nurse\.gradle\caches\modules-2\files-2.1\com.carrotsearch.thirdparty\simple-xml-safe\2.7.1\45fda5ac6087bc82a209d8cdb73f8d0dbdcfc7b\simple-xml-safe-2.7.1.jar;C:\Users\nurse\.gradle\caches\modules-2\files-2.1\com.google.guava\guava\32.1.3-jre\f306708742ce2bf0fb0901216183bc14073feae\guava-32.1.3-jre.jar;C:\Users\nurse\.gradle\caches\modules-2\files-2.1\org.apache.commons\commons-compress\1.24.0\b4b1b5a3d9573b2970fddab236102c0a4d27d35e\commons-compress-1.24.0.jar;C:\Users\nurse\.gradle\caches\modules-2\files-2.1\org.xerial.snappy\snappy-java\1.1.10.5\ac605269f3598506196e469f1fb0d7ed5c55059e\snappy-java-1.1.10.5.jar;C:\Users\nurse\.gradle\caches\modules-2\files-2.1\org.jetbrains.kotlin\kotlin-stdlib-jdk8\1.9.25\20d44e880a284f7b5cd99dd69450b403073f49b2\kotlin-stdlib-jdk8-1.9.25.jar;C:\Users\nurse\.gradle\caches\modules-2\files-2.1\org.slf4j\slf4j-api\2.0.17\d9e58ac9c7779ba3bf8142aff6c830617a7fe60f\slf4j-api-2.0.17.jar;C:\Users\nurse\.gradle\caches\modules-2\files-2.1\org.jetbrains\annotations\13.0\919f0dfe192fb4e063e7dacadee7f8bb9a2672a9\annotations-13.0.jar;C:\Users\nurse\.gradle\caches\modules-2\files-2.1\org.springframework.data\spring-data-redis\3.5.4\519115a1fc8adf97adb1367419065b589733a12f\spring-data-redis-3.5.4.jar;C:\Users\nurse\.gradle\caches\modules-2\files-2.1\io.lettuce\lettuce-core\6.6.0.RELEASE\8a9bb7a3291328f4a0156643dddd3f1194bd26f3\lettuce-core-6.6.0.RELEASE.jar;C:\Users\nurse\.gradle\caches\modules-2\files-2.1\org.springframework.data\spring-data-jpa\3.5.4\abd37141d1bd52283aac0d962d6efa1d4d72424b\spring-data-jpa-3.5.4.jar;C:\Users\nurse\.gradle\caches\modules-2\files-2.1\org.springframework.boot\spring-boot-starter-jdbc\3.5.6\812d2dc9a662d9ab640bea01b383e82d881fc586\spring-boot-starter-jdbc-3.5.6.jar;C:\Users\nurse\.gradle\caches\modules-2\files-2.1\org.hibernate.orm\hibernate-core\6.6.29.Final\d12db68bb867e2fe6e68740b3fba3d1d633f77ff\hibernate-core-6.6.29.Final.jar;C:\Users\nurse\.gradle\caches\modules-2\files-2.1\org.springframework\spring-aspects\6.2.11\e02d582f1595b101c7fa53778e91ddb71d62974e\spring-aspects-6.2.11.jar;C:\Users\nurse\.gradle\caches\modules-2\files-2.1\org.apache.tomcat.embed\tomcat-embed-el\10.1.46\e1fc6986d030e791415535e28fd21c0be11810de\tomcat-embed-el-10.1.46.jar;C:\Users\nurse\.gradle\caches\modules-2\files-2.1\org.hibernate.validator\hibernate-validator\8.0.3.Final\4425f554297a1c5ba03a3f30e559a9fd91048cf8\hibernate-validator-8.0.3.Final.jar;C:\Users\nurse\.gradle\caches\modules-2\files-2.1\org.springframework.security\spring-security-web\6.5.5\53362443076c948cf1fbdd078802ef58917b5938\spring-security-web-6.5.5.jar;C:\Users\nurse\.gradle\caches\modules-2\files-2.1\org.springframework.security\spring-security-config\6.5.5\e647f8334d2d4578f7b553e705a409017ac37be1\spring-security-config-6.5.5.jar;C:\Users\nurse\.gradle\caches\modules-2\files-2.1\org.springframework\spring-aop\6.2.11\1e970383810700506d646c2fa8943725f123f000\spring-aop-6.2.11.jar;C:\Users\nurse\.gradle\caches\modules-2\files-2.1\org.springframework.boot\spring-boot-actuator-autoconfigure\3.5.6\7b7f4245c6ea91cb28edf73368998748d318b603\spring-boot-actuator-autoconfigure-3.5.6.jar;C:\Users\nurse\.gradle\caches\modules-2\files-2.1\io.micrometer\micrometer-jakarta9\1.15.4\639673a45d74ddeeaab885b0251687644059d88f\micrometer-jakarta9-1.15.4.jar;C:\Users\nurse\.gradle\caches\modules-2\files-2.1\io.micrometer\micrometer-observation\1.15.4\8cd0aed0ff098a7937f2f8f81705840f2d60a432\micrometer-observation-1.15.4.jar;C:\Users\nurse\.gradle\caches\modules-2\files-2.1\com.itextpdf\sign\7.2.6\23101689eae34d35632f44ab6ebbef55c0dce8ee\sign-7.2.6.jar;C:\Users\nurse\.gradle\caches\modules-2\files-2.1\com.itextpdf\forms\7.2.6\57600636397a41cec4af19f40f4291f61451e948\forms-7.2.6.jar;C:\Users\nurse\.gradle\caches\modules-2\files-2.1\com.itextpdf\svg\7.2.6\8e57a98e80e32ac558457023420a614dfad238c7\svg-7.2.6.jar;C:\Users\nurse\.gradle\caches\modules-2\files-2.1\com.itextpdf\styled-xml-parser\7.2.6\edc092708f8d97fa46db4525ed90e752c518c6a4\styled-xml-parser-7.2.6.jar;C:\Users\nurse\.gradle\caches\modules-2\files-2.1\com.itextpdf\barcodes\7.2.6\a7cb132a652a3c08d07b9dac28cf541186d1752f\barcodes-7.2.6.jar;C:\Users\nurse\.gradle\caches\modules-2\files-2.1\com.itextpdf\pdfa\7.2.6\a4a413f08b17d1df76a89f4ada1dc2e8f0d16f6c\pdfa-7.2.6.jar;C:\Users\nurse\.gradle\caches\modules-2\files-2.1\com.itextpdf\font-asian\7.2.6\dd531aef2be5d409562ae12e1fc93df13bacce31\font-asian-7.2.6.jar;C:\Users\nurse\.gradle\caches\modules-2\files-2.1\com.itextpdf\hyph\7.2.6\a01542baf0a584e86e4482f147f1a17162f0c00f\hyph-7.2.6.jar;C:\Users\nurse\.gradle\caches\modules-2\files-2.1\com.itextpdf\io\7.2.6\399b60ac0d55b84c14da76219886f7cb25754e00\io-7.2.6.jar;C:\Users\nurse\.gradle\caches\modules-2\files-2.1\org.bouncycastle\bcpkix-jdk18on\1.75\5adfef8a71a0933454739264b56283cc73dd2383\bcpkix-jdk18on-1.75.jar;C:\Users\nurse\.gradle\caches\modules-2\files-2.1\com.fasterxml.jackson.datatype\jackson-datatype-jdk8\2.19.2\a720d3946c3a1ab04b780f3b3163d62eee6948a0\jackson-datatype-jdk8-2.19.2.jar;C:\Users\nurse\.gradle\caches\modules-2\files-2.1\com.fasterxml.jackson.module\jackson-module-parameter-names\2.19.2\3c4ce467c11364c72ec4967c570fd5a2d1be1d0b\jackson-module-parameter-names-2.19.2.jar;C:\Users\nurse\.gradle\caches\modules-2\files-2.1\org.springframework.boot\spring-boot-starter-logging\3.5.6\61717f15cb53d2a0cce6428b29adbdc2ed5f2f25\spring-boot-starter-logging-3.5.6.jar;C:\Users\nurse\.gradle\caches\modules-2\files-2.1\org.springframework.boot\spring-boot-autoconfigure\3.5.6\6b8fc2519774de4e82b0dbb5651093ce2ca20836\spring-boot-autoconfigure-3.5.6.jar;C:\Users\nurse\.gradle\caches\modules-2\files-2.1\org.springframework.boot\spring-boot\3.5.6\a02f486ab700dad1f81e54cb37651d92a3f9d700\spring-boot-3.5.6.jar;C:\Users\nurse\.gradle\caches\modules-2\files-2.1\jakarta.annotation\jakarta.annotation-api\2.1.1\48b9bda22b091b1f48b13af03fe36db3be6e1ae3\jakarta.annotation-api-2.1.1.jar;C:\Users\nurse\.gradle\caches\modules-2\files-2.1\org.springframework\spring-core\6.2.11\f4860eb6ea92abb8ae6c5e82e2e7efc395cef8d\spring-core-6.2.11.jar;C:\Users\nurse\.gradle\caches\modules-2\files-2.1\org.yaml\snakeyaml\2.4\e0666b825b796f85521f02360e77f4c92c5a7a07\snakeyaml-2.4.jar;C:\Users\nurse\.gradle\caches\modules-2\files-2.1\org.apache.tomcat.embed\tomcat-embed-websocket\10.1.46\e98da6e2f659ec02062d2c84a07b7262e82d8b74\tomcat-embed-websocket-10.1.46.jar;C:\Users\nurse\.gradle\caches\modules-2\files-2.1\org.apache.tomcat.embed\tomcat-embed-core\10.1.46\64d4eee6e42eb61492a7b84d458327bfb1c1d957\tomcat-embed-core-10.1.46.jar;C:\Users\nurse\.gradle\caches\modules-2\files-2.1\org.springframework\spring-context\6.2.11\bbfb4d55385b2b65ecaf04937d209cf467eaba2f\spring-context-6.2.11.jar;C:\Users\nurse\.gradle\caches\modules-2\files-2.1\org.springframework\spring-beans\6.2.11\8d92eb837b70094d7316f6a07770eefd360bc53c\spring-beans-6.2.11.jar;C:\Users\nurse\.gradle\caches\modules-2\files-2.1\org.springframework\spring-expression\6.2.11\7190c1c69576516efef1a061d956dccf17cb0b86\spring-expression-6.2.11.jar;C:\Users\nurse\.gradle\caches\modules-2\files-2.1\org.springdoc\springdoc-openapi-starter-common\2.7.0\bba119cebeab38aa8ba9a506d76bd611407348c1\springdoc-openapi-starter-common-2.7.0.jar;C:\Users\nurse\.gradle\caches\modules-2\files-2.1\org.jspecify\jspecify\1.0.0\7425a601c1c7ec76645a78d22b8c6a627edee507\jspecify-1.0.0.jar;C:\Users\nurse\.gradle\caches\modules-2\files-2.1\com.google.guava\failureaccess\1.0.1\1dcf1de382a0bf95a3d8b0849546c88bac1292c9\failureaccess-1.0.1.jar;C:\Users\nurse\.gradle\caches\modules-2\files-2.1\com.google.guava\listenablefuture\9999.0-empty-to-avoid-conflict-with-guava\b421526c5f297295adef1c886e5246c39d4ac629\listenablefuture-9999.0-empty-to-avoid-conflict-with-guava.jar;C:\Users\nurse\.gradle\caches\modules-2\files-2.1\com.google.code.findbugs\jsr305\3.0.2\25ea2e8b0c338a877313bd4672d3fe056ea78f0d\jsr305-3.0.2.jar;C:\Users\nurse\.gradle\caches\modules-2\files-2.1\com.google.errorprone\error_prone_annotations\2.21.1\6d9b10773b5237df178a7b3c1b4208df7d0e7f94\error_prone_annotations-2.21.1.jar;C:\Users\nurse\.gradle\caches\modules-2\files-2.1\org.jetbrains.kotlin\kotlin-stdlib-jdk7\1.9.25\1c166692314a2639e5edfed0d23ed7eee4a5c7a5\kotlin-stdlib-jdk7-1.9.25.jar;C:\Users\nurse\.gradle\caches\modules-2\files-2.1\org.springframework.data\spring-data-keyvalue\3.5.4\8140e2fd2950886f8b4f165ef0f0df37d1085607\spring-data-keyvalue-3.5.4.jar;C:\Users\nurse\.gradle\caches\modules-2\files-2.1\org.springframework\spring-context-support\6.2.11\b092cbb9c21eab6fbbbf57b21eaef8da6d3a96a6\spring-context-support-6.2.11.jar;C:\Users\nurse\.gradle\caches\modules-2\files-2.1\org.springframework\spring-tx\6.2.11\f2b8bef65f6682019002c12a628886637e596261\spring-tx-6.2.11.jar;C:\Users\nurse\.gradle\caches\modules-2\files-2.1\org.springframework\spring-oxm\6.2.11\1a57a7ba5e5be04e03fd45001e137e35714517f5\spring-oxm-6.2.11.jar;C:\Users\nurse\.gradle\caches\modules-2\files-2.1\redis.clients.authentication\redis-authx-core\0.1.1-beta2\4037345ff29fb22c737bab2ed116a34262718ae5\redis-authx-core-0.1.1-beta2.jar;C:\Users\nurse\.gradle\caches\modules-2\files-2.1\io.netty\netty-handler\4.1.127.Final\5e9ee8931666a12b52340309f92d51d0b49611de\netty-handler-4.1.127.Final.jar;C:\Users\nurse\.gradle\caches\modules-2\files-2.1\io.netty\netty-transport\4.1.127.Final\9925d9d6be72436b661ba6a71cc8d2897fe83cf0\netty-transport-4.1.127.Final.jar;C:\Users\nurse\.gradle\caches\modules-2\files-2.1\io.netty\netty-common\4.1.127.Final\ada4ab671678f956e1cd5067ba94bc340af1d8bf\netty-common-4.1.127.Final.jar;C:\Users\nurse\.gradle\caches\modules-2\files-2.1\io.projectreactor\reactor-core\3.7.11\8ac8ee9da2424c81c029f8c361e34838f77a1b78\reactor-core-3.7.11.jar;C:\Users\nurse\.gradle\caches\modules-2\files-2.1\org.springframework.data\spring-data-commons\3.5.4\b61f6528cb8b39b471775a4b27f0437f6646f1e6\spring-data-commons-3.5.4.jar;C:\Users\nurse\.gradle\caches\modules-2\files-2.1\org.springframework\spring-orm\6.2.11\d14df2d6ecddd2984ef5590d73c5178d7df25c11\spring-orm-6.2.11.jar;C:\Users\nurse\.gradle\caches\modules-2\files-2.1\org.antlr\antlr4-runtime\4.13.0\5a02e48521624faaf5ff4d99afc88b01686af655\antlr4-runtime-4.13.0.jar;C:\Users\nurse\.gradle\caches\modules-2\files-2.1\com.zaxxer\HikariCP\6.3.3\7c5aec1e47a97ff40977e0193018865304ea9585\HikariCP-6.3.3.jar;C:\Users\nurse\.gradle\caches\modules-2\files-2.1\org.springframework\spring-jdbc\6.2.11\8aadfc8bed1630563c65bb5628e2175ecd508998\spring-jdbc-6.2.11.jar;C:\Users\nurse\.gradle\caches\modules-2\files-2.1\jakarta.persistence\jakarta.persistence-api\3.1.0\66901fa1c373c6aff65c13791cc11da72060a8d6\jakarta.persistence-api-3.1.0.jar;C:\Users\nurse\.gradle\caches\modules-2\files-2.1\jakarta.transaction\jakarta.transaction-api\2.0.1\51a520e3fae406abb84e2e1148e6746ce3f80a1a\jakarta.transaction-api-2.0.1.jar;C:\Users\nurse\.gradle\caches\modules-2\files-2.1\org.aspectj\aspectjweaver\1.9.24\9b5aeb0cea9f958b9c57fb80e62996e95a3e9379\aspectjweaver-1.9.24.jar;C:\Users\nurse\.gradle\caches\modules-2\files-2.1\jakarta.validation\jakarta.validation-api\3.0.2\92b6631659ba35ca09e44874d3eb936edfeee532\jakarta.validation-api-3.0.2.jar;C:\Users\nurse\.gradle\caches\modules-2\files-2.1\org.jboss.logging\jboss-logging\3.6.1.Final\886afbb445b4016a37c8960a7aef6ebd769ce7e5\jboss-logging-3.6.1.Final.jar;C:\Users\nurse\.gradle\caches\modules-2\files-2.1\com.fasterxml\classmate\1.7.0\e98374da1f2143ac8e6e0a95036994bb19137a3\classmate-1.7.0.jar;C:\Users\nurse\.gradle\caches\modules-2\files-2.1\org.springframework.security\spring-security-core\6.5.5\b4010d71d6b53cae574ba3d5c15629ed782f3318\spring-security-core-6.5.5.jar;C:\Users\nurse\.gradle\caches\modules-2\files-2.1\org.springframework.boot\spring-boot-actuator\3.5.6\cf67879f31058782b4a04a4c19978f30c5cb477c\spring-boot-actuator-3.5.6.jar;C:\Users\nurse\.gradle\caches\modules-2\files-2.1\io.micrometer\micrometer-core\1.15.4\603fe6d384d9b58ab709f4ca17baa9ca17ce7a4\micrometer-core-1.15.4.jar;C:\Users\nurse\.gradle\caches\modules-2\files-2.1\io.micrometer\micrometer-commons\1.15.4\f73f10deeee5700b15c2f0f41ae79e2689b39613\micrometer-commons-1.15.4.jar;C:\Users\nurse\.gradle\caches\modules-2\files-2.1\com.itextpdf\commons\7.2.6\24f2b41ebb2855f3c5169df5051d77502d2da633\commons-7.2.6.jar;C:\Users\nurse\.gradle\caches\modules-2\files-2.1\org.bouncycastle\bcutil-jdk18on\1.75\f58f4bbec8a40137bbb04f6174cd164fae0776b\bcutil-jdk18on-1.75.jar;C:\Users\nurse\.gradle\caches\modules-2\files-2.1\ch.qos.logback\logback-classic\1.5.18\fc371f3fc97a639de2d67947cffb7518ec5e3d40\logback-classic-1.5.18.jar;C:\Users\nurse\.gradle\caches\modules-2\files-2.1\org.apache.logging.log4j\log4j-to-slf4j\2.24.3\da1143e2a2531ee1c2d90baa98eb50a28a39d5a7\log4j-to-slf4j-2.24.3.jar;C:\Users\nurse\.gradle\caches\modules-2\files-2.1\org.slf4j\jul-to-slf4j\2.0.17\524cb6ccc2b68a57604750e1ab8b13b5a786a6aa\jul-to-slf4j-2.0.17.jar;C:\Users\nurse\.gradle\caches\modules-2\files-2.1\org.springframework\spring-jcl\6.2.11\819fc7e968ac07d4b042be7cfb8d99c267142ac7\spring-jcl-6.2.11.jar;C:\Users\nurse\.gradle\caches\modules-2\files-2.1\io.swagger.core.v3\swagger-core-jakarta\2.2.25\83eceb1d4af30f9131b0e0c607b83b2c921c2525\swagger-core-jakarta-2.2.25.jar;C:\Users\nurse\.gradle\caches\modules-2\files-2.1\com.squareup.okio\okio-jvm\3.6.0\5600569133b7bdefe1daf9ec7f4abeb6d13e1786\okio-jvm-3.6.0.jar;C:\Users\nurse\.gradle\caches\modules-2\files-2.1\io.netty\netty-transport-native-unix-common\4.1.127.Final\9cc0512d2ddfe9ae76c6db796e1980a8bdbadae1\netty-transport-native-unix-common-4.1.127.Final.jar;C:\Users\nurse\.gradle\caches\modules-2\files-2.1\io.netty\netty-codec\4.1.127.Final\b05d16b459b6c6042197a1f3aef671cf535767c3\netty-codec-4.1.127.Final.jar;C:\Users\nurse\.gradle\caches\modules-2\files-2.1\io.netty\netty-resolver\4.1.127.Final\2b34a14b6ec23761d6d2300a1c261914401f2553\netty-resolver-4.1.127.Final.jar;C:\Users\nurse\.gradle\caches\modules-2\files-2.1\io.netty\netty-buffer\4.1.127.Final\356b4f2e759d36fec774cd17e583a7609d8ec15d\netty-buffer-4.1.127.Final.jar;C:\Users\nurse\.gradle\caches\modules-2\files-2.1\org.reactivestreams\reactive-streams\1.0.4\3864a1320d97d7b045f729a326e1e077661f31b7\reactive-streams-1.0.4.jar;C:\Users\nurse\.gradle\caches\modules-2\files-2.1\org.springframework.security\spring-security-crypto\6.5.5\83f9ebdd4706d23d697a7012aa946b64b54476f6\spring-security-crypto-6.5.5.jar;C:\Users\nurse\.gradle\caches\modules-2\files-2.1\ch.qos.logback\logback-core\1.5.18\6c0375624f6f36b4e089e2488ba21334a11ef13f\logback-core-1.5.18.jar;C:\Users\nurse\.gradle\caches\modules-2\files-2.1\org.apache.logging.log4j\log4j-api\2.24.3\b02c125db8b6d295adf72ae6e71af5d83bce2370\log4j-api-2.24.3.jar;C:\Users\nurse\.gradle\caches\modules-2\files-2.1\com.fasterxml.jackson.dataformat\jackson-dataformat-yaml\2.19.2\ba1079940daa609061e46c80b72c5546c4718401\jackson-dataformat-yaml-2.19.2.jar;C:\Users\nurse\.gradle\caches\modules-2\files-2.1\io.swagger.core.v3\swagger-models-jakarta\2.2.25\abfe0fce84b0d8d8371f52405816a30cdba64493\swagger-models-jakarta-2.2.25.jar;C:\Users\nurse\.gradle\caches\modules-2\files-2.1\org.apache.commons\commons-lang3\3.17.0\b17d2136f0460dcc0d2016ceefca8723bdf4ee70\commons-lang3-3.17.0.jar;C:\Users\nurse\.gradle\caches\modules-2\files-2.1\io.swagger.core.v3\swagger-annotations-jakarta\2.2.25\6d8682e3c878769b2658397dacbd2474602487dc\swagger-annotations-jakarta-2.2.25.jar;C:\Users\nurse\.gradle\caches\modules-2\files-2.1\jakarta.xml.bind\jakarta.xml.bind-api\4.0.2\6cd5a999b834b63238005b7144136379dc36cad2\jakarta.xml.bind-api-4.0.2.jar;C:\Users\nurse\.gradle\caches\modules-2\files-2.1\jakarta.activation\jakarta.activation-api\2.1.4\9e5c2a0d75dde71a0bedc4dbdbe47b78a5dc50f8\jakarta.activation-api-2.1.4.jar;C:\Users\nurse\.gradle\caches\modules-2\files-2.1\io.jsonwebtoken\jjwt-jackson\0.11.5\3b83a06809e98a69402d7333dcf67df6f6ea4579\jjwt-jackson-0.11.5.jar;C:\Users\nurse\.gradle\caches\modules-2\files-2.1\org.springframework.boot\spring-boot-devtools\3.5.6\cef8469fb0f018e4180f9244ffb8e6076621987e\spring-boot-devtools-3.5.6.jar;C:\Users\nurse\.gradle\caches\modules-2\files-2.1\io.jsonwebtoken\jjwt-impl\0.11.5\40a599f0e8a8e4e0701596fbb15e67bfda64fdf0\jjwt-impl-0.11.5.jar;C:\Users\nurse\.gradle\caches\modules-2\files-2.1\org.postgresql\postgresql\42.7.7\67f8093e8d8104c74bbf588392ac3229803f5d17\postgresql-42.7.7.jar;C:\Users\nurse\.gradle\caches\modules-2\files-2.1\org.checkerframework\checker-qual\3.49.3\119a4df4ba2e6a432b23989a785f81be38a56849\checker-qual-3.49.3.jar;C:\Users\nurse\.gradle\caches\modules-2\files-2.1\org.hibernate.common\hibernate-commons-annotations\7.0.3.Final\e183c4be8bb41d12e9f19b374e00c34a0a85f439\hibernate-commons-annotations-7.0.3.Final.jar;C:\Users\nurse\.gradle\caches\modules-2\files-2.1\io.smallrye\jandex\3.2.0\f17ad860f62a08487b9edabde608f8ac55c62fa7\jandex-3.2.0.jar;C:\Users\nurse\.gradle\caches\modules-2\files-2.1\net.bytebuddy\byte-buddy\1.17.7\3856bfab61beb23e099a0d6629f2ba8de4b98ace\byte-buddy-1.17.7.jar;C:\Users\nurse\.gradle\caches\modules-2\files-2.1\org.glassfish.jaxb\jaxb-runtime\4.0.5\ca84c2a7169b5293e232b9d00d1e4e36d4c3914a\jaxb-runtime-4.0.5.jar;C:\Users\nurse\.gradle\caches\modules-2\files-2.1\jakarta.inject\jakarta.inject-api\2.0.1\4c28afe1991a941d7702fe1362c365f0a8641d1e\jakarta.inject-api-2.0.1.jar;C:\Users\nurse\.gradle\caches\modules-2\files-2.1\org.hdrhistogram\HdrHistogram\2.2.2\7959933ebcc0f05b2eaa5af0a0c8689fa257b15c\HdrHistogram-2.2.2.jar;C:\Users\nurse\.gradle\caches\modules-2\files-2.1\org.latencyutils\LatencyUtils\2.0.3\769c0b82cb2421c8256300e907298a9410a2a3d3\LatencyUtils-2.0.3.jar;C:\Users\nurse\.gradle\caches\modules-2\files-2.1\org.glassfish.jaxb\jaxb-core\4.0.5\7b4b11ea5542eea4ad55e1080b23be436795b3\jaxb-core-4.0.5.jar;C:\Users\nurse\.gradle\caches\modules-2\files-2.1\org.eclipse.angus\angus-activation\2.0.2\41f1e0ddd157c856926ed149ab837d110955a9fc\angus-activation-2.0.2.jar;C:\Users\nurse\.gradle\caches\modules-2\files-2.1\org.glassfish.jaxb\txw2\4.0.5\f36a4ef12120a9bb06d766d6a0e54b144fd7ed98\txw2-4.0.5.jar;C:\Users\nurse\.gradle\caches\modules-2\files-2.1\com.sun.istack\istack-commons-runtime\4.1.2\18ec117c85f3ba0ac65409136afa8e42bc74e739\istack-commons-runtime-4.1.2.jar;C:\Program Files\JetBrains\IntelliJ IDEA Community Edition 2024.3.5\lib\idea_rt.jar
Launcher Type: SUN_STANDARD

[Global flags]
     intx CICompilerCount                          = 12                                        {product} {ergonomic}
     uint ConcGCThreads                            = 3                                         {product} {ergonomic}
     uint G1ConcRefinementThreads                  = 13                                        {product} {ergonomic}
   size_t G1HeapRegionSize                         = 2097152                                   {product} {ergonomic}
    uintx GCDrainStackTargetSize                   = 64                                        {product} {ergonomic}
   size_t InitialHeapSize                          = 264241152                                 {product} {ergonomic}
   size_t MarkStackSize                            = 4194304                                   {product} {ergonomic}
   size_t MaxHeapSize                              = 4225761280                                {product} {ergonomic}
   size_t MaxNewSize                               = 2535456768                                {product} {ergonomic}
   size_t MinHeapDeltaBytes                        = 2097152                                   {product} {ergonomic}
   size_t MinHeapSize                              = 8388608                                   {product} {ergonomic}
    uintx NonNMethodCodeHeapSize                   = 7602480                                {pd product} {ergonomic}
    uintx NonProfiledCodeHeapSize                  = 122027880                              {pd product} {ergonomic}
    uintx ProfiledCodeHeapSize                     = 122027880                              {pd product} {ergonomic}
    uintx ReservedCodeCacheSize                    = 251658240                              {pd product} {ergonomic}
     bool SegmentedCodeCache                       = true                                      {product} {ergonomic}
   size_t SoftMaxHeapSize                          = 4225761280                             {manageable} {ergonomic}
     bool UseCompressedOops                        = true                           {product lp64_product} {ergonomic}
     bool UseG1GC                                  = true                                      {product} {ergonomic}
     bool UseLargePagesIndividualAllocation        = false                                  {pd product} {ergonomic}

Logging:
Log output configuration:
 #0: stdout all=warning uptime,level,tags foldmultilines=false
 #1: stderr all=off uptime,level,tags foldmultilines=false

Environment Variables:
JAVA_HOME=C:\Program Files\Java\jdk-21
PATH=C:\WINDOWS\system32;C:\WINDOWS;C:\WINDOWS\System32\Wbem;C:\WINDOWS\System32\WindowsPowerShell\v1.0\;C:\WINDOWS\System32\OpenSSH\;C:\Program Files\Microsoft VS Code\bin;C:\Program Files (x86)\Microsoft SQL Server\160\Tools\Binn\;C:\Program Files\Microsoft SQL Server\160\Tools\Binn\;C:\Program Files\Microsoft SQL Server\Client SDK\ODBC\170\Tools\Binn\;C:\Program Files\Microsoft SQL Server\160\DTS\Binn\;C:\Program Files (x86)\Microsoft SQL Server\160\DTS\Binn\;C:\Program Files\R\R-4.3.0\bin\x64;C:\Program Files\R\R-4.3.0\bin;C:\Program Files\Git\cmd;C:\Program Files\Microsoft SQL Server\150\Tools\Binn\;C:\Program Files\PostgreSQL\14\bin;C:\Program Files\Java\jdk-21\bin;C:\Program Files\Docker\Docker\resources\bin;C:\Program Files\PostgreSQL\15\bin;C:\mingw64\bin;C:\Program Files\CMake\bin;C:\Users\nurse\AppData\Local\Programs\Python\Python310\;C:\Users\nurse\AppData\Local\Programs\Python\Python310\Scripts\;C:\Users\nurse\AppData\Local\Microsoft\WindowsApps;C:\Program Files\Java\jdk-21\bin;C:\Program Files\JetBrains\IntelliJ IDEA Community Edition 2024.3.5\bin;;C:\Program Files\R\R-4.3.0\bin;C:\Program Files\R\R-4.3.0\bin\x64;C:\Program Files\PostgreSQL\14\bin;
USERNAME=nurse
OS=Windows_NT
PROCESSOR_IDENTIFIER=Intel64 Family 6 Model 141 Stepping 1, GenuineIntel
TMP=C:\Users\nurse\AppData\Local\Temp
TEMP=C:\Users\nurse\AppData\Local\Temp




Periodic native trim disabled

---------------  S Y S T E M  ---------------

OS:
 Windows 11 , 64 bit Build 26100 (10.0.26100.7705)
OS uptime: 1 days 18:54 hours
Hyper-V role detected

CPU: total 16 (initial active 16) (8 cores per cpu, 2 threads per core) family 6 model 141 stepping 1 microcode 0x58, cx8, cmov, fxsr, ht, mmx, 3dnowpref, sse, sse2, sse3, ssse3, sse4.1, sse4.2, popcnt, lzcnt, tsc, tscinvbit, avx, avx2, aes, erms, clmul, bmi1, bmi2, adx, avx512f, avx512dq, avx512cd, avx512bw, avx512vl, sha, fma, vzeroupper, avx512_vpopcntdq, avx512_vpclmulqdq, avx512_vaes, avx512_vnni, clflush, clflushopt, clwb, avx512_vbmi2, avx512_vbmi, hv, rdtscp, rdpid, fsrm, gfni, avx512_bitalg, f16c, cet_ibt, cet_ss, avx512_ifma
Processor Information for all 16 processors :
  Max Mhz: 2304, Current Mhz: 2304, Mhz Limit: 2304

Memory: 4k page, system-wide physical 16114M (798M free)
TotalPageFile size 41714M (AvailPageFile size 41M)
current process WorkingSet (physical memory assigned to process): 633M, peak: 643M
current process commit charge ("private bytes"): 699M, peak: 1007M

vm_info: Java HotSpot(TM) 64-Bit Server VM (21.0.2+13-LTS-58) for windows-amd64 JRE (21.0.2+13-LTS-58), built on 2024-01-05T18:32:24Z by "mach5one" with MS VC++ 17.1 (VS2022)

END.
